{"C:\\Users\\curry_emile\\Downloads\\emile\\blog-managements-ft-user-model\\server.ts": {"path":"C:\\Users\\curry_emile\\Downloads\\emile\\blog-managements-ft-user-model\\server.ts","statementMap":{"0":{"start":{"line":15,"column":0},"end":{"line":15,"column":9}},"1":{"start":{"line":17,"column":12},"end":{"line":17,"column":21}},"2":{"start":{"line":19,"column":0},"end":{"line":19,"column":18}},"3":{"start":{"line":21,"column":0},"end":{"line":24,"column":4}},"4":{"start":{"line":26,"column":0},"end":{"line":26,"column":24}},"5":{"start":{"line":29,"column":0},"end":{"line":33,"column":4}},"6":{"start":{"line":36,"column":0},"end":{"line":36,"column":31}},"7":{"start":{"line":37,"column":0},"end":{"line":37,"column":28}},"8":{"start":{"line":40,"column":0},"end":{"line":40,"column":27}},"9":{"start":{"line":41,"column":0},"end":{"line":41,"column":26}},"10":{"start":{"line":42,"column":0},"end":{"line":42,"column":25}},"11":{"start":{"line":43,"column":0},"end":{"line":43,"column":25}},"12":{"start":{"line":44,"column":0},"end":{"line":44,"column":28}},"13":{"start":{"line":45,"column":0},"end":{"line":45,"column":25}},"14":{"start":{"line":48,"column":0},"end":{"line":51,"column":3}},"15":{"start":{"line":49,"column":4},"end":{"line":49,"column":29}},"16":{"start":{"line":50,"column":4},"end":{"line":50,"column":61}},"17":{"start":{"line":53,"column":0},"end":{"line":59,"column":3}},"18":{"start":{"line":54,"column":4},"end":{"line":58,"column":7}},"19":{"start":{"line":61,"column":13},"end":{"line":61,"column":57}},"20":{"start":{"line":64,"column":0},"end":{"line":68,"column":1}},"21":{"start":{"line":65,"column":4},"end":{"line":67,"column":6}},"22":{"start":{"line":66,"column":8},"end":{"line":66,"column":66}}},"fnMap":{"0":{"name":"(anonymous_0)","decl":{"start":{"line":48,"column":8},"end":{"line":48,"column":9}},"loc":{"start":{"line":48,"column":73},"end":{"line":51,"column":1}},"line":48},"1":{"name":"(anonymous_1)","decl":{"start":{"line":53,"column":8},"end":{"line":53,"column":9}},"loc":{"start":{"line":53,"column":41},"end":{"line":59,"column":1}},"line":53},"2":{"name":"(anonymous_2)","decl":{"start":{"line":65,"column":21},"end":{"line":65,"column":22}},"loc":{"start":{"line":65,"column":27},"end":{"line":67,"column":5}},"line":65}},"branchMap":{"0":{"loc":{"start":{"line":30,"column":10},"end":{"line":30,"column":48}},"type":"binary-expr","locations":[{"start":{"line":30,"column":10},"end":{"line":30,"column":36}},{"start":{"line":30,"column":40},"end":{"line":30,"column":48}}],"line":30},"1":{"loc":{"start":{"line":61,"column":13},"end":{"line":61,"column":57}},"type":"binary-expr","locations":[{"start":{"line":61,"column":13},"end":{"line":61,"column":49}},{"start":{"line":61,"column":53},"end":{"line":61,"column":57}}],"line":61},"2":{"loc":{"start":{"line":64,"column":0},"end":{"line":68,"column":1}},"type":"if","locations":[{"start":{"line":64,"column":0},"end":{"line":68,"column":1}},{"start":{},"end":{}}],"line":64}},"s":{"0":2,"1":2,"2":2,"3":2,"4":2,"5":2,"6":2,"7":2,"8":2,"9":2,"10":2,"11":2,"12":2,"13":2,"14":2,"15":0,"16":0,"17":2,"18":0,"19":2,"20":2,"21":0,"22":0},"f":{"0":0,"1":0,"2":0},"b":{"0":[2,0],"1":[2,0],"2":[0,2]},"_coverageSchema":"1a1c01bbd47fc00a2c39e90264f33305004495a9","hash":"aa7549bce3284a2faba91ad3013bcbc64c0361f5"}
,"C:\\Users\\curry_emile\\Downloads\\emile\\blog-managements-ft-user-model\\src\\database\\config\\sequelize.ts": {"path":"C:\\Users\\curry_emile\\Downloads\\emile\\blog-managements-ft-user-model\\src\\database\\config\\sequelize.ts","statementMap":{"0":{"start":{"line":3,"column":0},"end":{"line":3,"column":16}},"1":{"start":{"line":5,"column":18},"end":{"line":11,"column":1}},"2":{"start":{"line":6,"column":12},"end":{"line":6,"column":51}},"3":{"start":{"line":7,"column":2},"end":{"line":9,"column":3}},"4":{"start":{"line":8,"column":4},"end":{"line":8,"column":22}},"5":{"start":{"line":10,"column":2},"end":{"line":10,"column":12}},"6":{"start":{"line":13,"column":12},"end":{"line":13,"column":23}},"7":{"start":{"line":14,"column":18},"end":{"line":24,"column":1}}},"fnMap":{"0":{"name":"(anonymous_0)","decl":{"start":{"line":5,"column":18},"end":{"line":5,"column":19}},"loc":{"start":{"line":5,"column":24},"end":{"line":11,"column":1}},"line":5}},"branchMap":{"0":{"loc":{"start":{"line":6,"column":12},"end":{"line":6,"column":51}},"type":"binary-expr","locations":[{"start":{"line":6,"column":12},"end":{"line":6,"column":27}},{"start":{"line":6,"column":31},"end":{"line":6,"column":51}}],"line":6},"1":{"loc":{"start":{"line":7,"column":2},"end":{"line":9,"column":3}},"type":"if","locations":[{"start":{"line":7,"column":2},"end":{"line":9,"column":3}},{"start":{},"end":{}}],"line":7},"2":{"loc":{"start":{"line":15,"column":2},"end":{"line":15,"column":49}},"type":"binary-expr","locations":[{"start":{"line":15,"column":2},"end":{"line":15,"column":32}},{"start":{"line":15,"column":36},"end":{"line":15,"column":49}}],"line":15},"3":{"loc":{"start":{"line":16,"column":2},"end":{"line":16,"column":46}},"type":"binary-expr","locations":[{"start":{"line":16,"column":2},"end":{"line":16,"column":32}},{"start":{"line":16,"column":36},"end":{"line":16,"column":46}}],"line":16},"4":{"loc":{"start":{"line":17,"column":2},"end":{"line":17,"column":41}},"type":"binary-expr","locations":[{"start":{"line":17,"column":2},"end":{"line":17,"column":32}},{"start":{"line":17,"column":36},"end":{"line":17,"column":41}}],"line":17},"5":{"loc":{"start":{"line":19,"column":10},"end":{"line":19,"column":51}},"type":"binary-expr","locations":[{"start":{"line":19,"column":10},"end":{"line":19,"column":36}},{"start":{"line":19,"column":40},"end":{"line":19,"column":51}}],"line":19},"6":{"loc":{"start":{"line":20,"column":10},"end":{"line":20,"column":52}},"type":"binary-expr","locations":[{"start":{"line":20,"column":10},"end":{"line":20,"column":44}},{"start":{"line":20,"column":48},"end":{"line":20,"column":52}}],"line":20}},"s":{"0":2,"1":2,"2":2,"3":2,"4":0,"5":2,"6":2,"7":2},"f":{"0":2},"b":{"0":[2,0],"1":[0,2],"2":[2,0],"3":[2,0],"4":[2,0],"5":[2,0],"6":[2,0]},"_coverageSchema":"1a1c01bbd47fc00a2c39e90264f33305004495a9","hash":"351707de30d34f7cada06c5ba3e1073ec9a8fcc3"}
,"C:\\Users\\curry_emile\\Downloads\\emile\\blog-managements-ft-user-model\\src\\database\\models\\Blog.ts": {"path":"C:\\Users\\curry_emile\\Downloads\\emile\\blog-managements-ft-user-model\\src\\database\\models\\Blog.ts","statementMap":{"0":{"start":{"line":41,"column":8},"end":{"line":44,"column":11}},"1":{"start":{"line":46,"column":8},"end":{"line":49,"column":11}},"2":{"start":{"line":51,"column":8},"end":{"line":54,"column":11}},"3":{"start":{"line":58,"column":8},"end":{"line":70,"column":10}},"4":{"start":{"line":74,"column":25},"end":{"line":123,"column":1}},"5":{"start":{"line":75,"column":4},"end":{"line":120,"column":7}},"6":{"start":{"line":122,"column":4},"end":{"line":122,"column":16}}},"fnMap":{"0":{"name":"(anonymous_0)","decl":{"start":{"line":40,"column":4},"end":{"line":40,"column":5}},"loc":{"start":{"line":40,"column":36},"end":{"line":55,"column":5}},"line":40},"1":{"name":"(anonymous_1)","decl":{"start":{"line":57,"column":4},"end":{"line":57,"column":5}},"loc":{"start":{"line":57,"column":44},"end":{"line":71,"column":5}},"line":57},"2":{"name":"(anonymous_2)","decl":{"start":{"line":74,"column":25},"end":{"line":74,"column":26}},"loc":{"start":{"line":74,"column":51},"end":{"line":123,"column":1}},"line":74}},"branchMap":{},"s":{"0":0,"1":0,"2":0,"3":0,"4":2,"5":2,"6":2},"f":{"0":0,"1":0,"2":2},"b":{},"_coverageSchema":"1a1c01bbd47fc00a2c39e90264f33305004495a9","hash":"53b0f02e217784f8325af5d8d1de011e82f0ea01"}
,"C:\\Users\\curry_emile\\Downloads\\emile\\blog-managements-ft-user-model\\src\\database\\models\\Comments.ts": {"path":"C:\\Users\\curry_emile\\Downloads\\emile\\blog-managements-ft-user-model\\src\\database\\models\\Comments.ts","statementMap":{"0":{"start":{"line":27,"column":8},"end":{"line":30,"column":11}},"1":{"start":{"line":32,"column":8},"end":{"line":35,"column":11}},"2":{"start":{"line":39,"column":8},"end":{"line":47,"column":10}},"3":{"start":{"line":51,"column":28},"end":{"line":87,"column":1}},"4":{"start":{"line":52,"column":4},"end":{"line":84,"column":7}},"5":{"start":{"line":86,"column":4},"end":{"line":86,"column":19}}},"fnMap":{"0":{"name":"(anonymous_0)","decl":{"start":{"line":26,"column":4},"end":{"line":26,"column":5}},"loc":{"start":{"line":26,"column":36},"end":{"line":36,"column":5}},"line":26},"1":{"name":"(anonymous_1)","decl":{"start":{"line":38,"column":4},"end":{"line":38,"column":5}},"loc":{"start":{"line":38,"column":47},"end":{"line":48,"column":5}},"line":38},"2":{"name":"(anonymous_2)","decl":{"start":{"line":51,"column":28},"end":{"line":51,"column":29}},"loc":{"start":{"line":51,"column":54},"end":{"line":87,"column":1}},"line":51}},"branchMap":{},"s":{"0":0,"1":0,"2":0,"3":2,"4":2,"5":2},"f":{"0":0,"1":0,"2":2},"b":{},"_coverageSchema":"1a1c01bbd47fc00a2c39e90264f33305004495a9","hash":"dc4f6d779254c7554b44627e90ce84413da68d5b"}
,"C:\\Users\\curry_emile\\Downloads\\emile\\blog-managements-ft-user-model\\src\\database\\models\\Likes.ts": {"path":"C:\\Users\\curry_emile\\Downloads\\emile\\blog-managements-ft-user-model\\src\\database\\models\\Likes.ts","statementMap":{"0":{"start":{"line":23,"column":8},"end":{"line":26,"column":11}},"1":{"start":{"line":28,"column":8},"end":{"line":31,"column":11}},"2":{"start":{"line":35,"column":8},"end":{"line":41,"column":10}},"3":{"start":{"line":45,"column":25},"end":{"line":83,"column":1}},"4":{"start":{"line":46,"column":4},"end":{"line":80,"column":7}},"5":{"start":{"line":82,"column":4},"end":{"line":82,"column":16}}},"fnMap":{"0":{"name":"(anonymous_0)","decl":{"start":{"line":22,"column":4},"end":{"line":22,"column":5}},"loc":{"start":{"line":22,"column":36},"end":{"line":32,"column":5}},"line":22},"1":{"name":"(anonymous_1)","decl":{"start":{"line":34,"column":4},"end":{"line":34,"column":5}},"loc":{"start":{"line":34,"column":44},"end":{"line":42,"column":5}},"line":34},"2":{"name":"(anonymous_2)","decl":{"start":{"line":45,"column":25},"end":{"line":45,"column":26}},"loc":{"start":{"line":45,"column":51},"end":{"line":83,"column":1}},"line":45}},"branchMap":{},"s":{"0":0,"1":0,"2":0,"3":2,"4":2,"5":2},"f":{"0":0,"1":0,"2":2},"b":{},"_coverageSchema":"1a1c01bbd47fc00a2c39e90264f33305004495a9","hash":"b16787b38b4530ce1ee73f1ebcace73b6981844e"}
,"C:\\Users\\curry_emile\\Downloads\\emile\\blog-managements-ft-user-model\\src\\database\\models\\Token.ts": {"path":"C:\\Users\\curry_emile\\Downloads\\emile\\blog-managements-ft-user-model\\src\\database\\models\\Token.ts","statementMap":{"0":{"start":{"line":29,"column":0},"end":{"line":65,"column":2}}},"fnMap":{},"branchMap":{},"s":{"0":2},"f":{},"b":{},"_coverageSchema":"1a1c01bbd47fc00a2c39e90264f33305004495a9","hash":"99eac296f29a0015bc43f6393ea9e6b6aeb5f6e3"}
,"C:\\Users\\curry_emile\\Downloads\\emile\\blog-managements-ft-user-model\\src\\database\\models\\User.ts": {"path":"C:\\Users\\curry_emile\\Downloads\\emile\\blog-managements-ft-user-model\\src\\database\\models\\User.ts","statementMap":{"0":{"start":{"line":34,"column":29},"end":{"line":34,"column":33}},"1":{"start":{"line":35,"column":29},"end":{"line":35,"column":37}},"2":{"start":{"line":42,"column":8},"end":{"line":45,"column":11}},"3":{"start":{"line":46,"column":8},"end":{"line":49,"column":11}},"4":{"start":{"line":50,"column":8},"end":{"line":53,"column":11}},"5":{"start":{"line":56,"column":8},"end":{"line":67,"column":9}},"6":{"start":{"line":71,"column":25},"end":{"line":115,"column":1}},"7":{"start":{"line":72,"column":4},"end":{"line":113,"column":6}},"8":{"start":{"line":114,"column":4},"end":{"line":114,"column":15}}},"fnMap":{"0":{"name":"(anonymous_0)","decl":{"start":{"line":41,"column":4},"end":{"line":41,"column":5}},"loc":{"start":{"line":41,"column":36},"end":{"line":54,"column":5}},"line":41},"1":{"name":"(anonymous_1)","decl":{"start":{"line":55,"column":4},"end":{"line":55,"column":5}},"loc":{"start":{"line":55,"column":44},"end":{"line":68,"column":5}},"line":55},"2":{"name":"(anonymous_2)","decl":{"start":{"line":71,"column":25},"end":{"line":71,"column":26}},"loc":{"start":{"line":71,"column":51},"end":{"line":115,"column":1}},"line":71}},"branchMap":{},"s":{"0":10,"1":10,"2":0,"3":0,"4":0,"5":2,"6":2,"7":4,"8":4},"f":{"0":0,"1":2,"2":4},"b":{},"_coverageSchema":"1a1c01bbd47fc00a2c39e90264f33305004495a9","hash":"66d5ed6e6c8175bdae4ee91883a84676ea905dcf"}
,"C:\\Users\\curry_emile\\Downloads\\emile\\blog-managements-ft-user-model\\src\\database\\models\\index.ts": {"path":"C:\\Users\\curry_emile\\Downloads\\emile\\blog-managements-ft-user-model\\src\\database\\models\\index.ts","statementMap":{"0":{"start":{"line":13,"column":24},"end":{"line":20,"column":1}},"1":{"start":{"line":14,"column":2},"end":{"line":19,"column":3}}},"fnMap":{"0":{"name":"(anonymous_0)","decl":{"start":{"line":13,"column":24},"end":{"line":13,"column":25}},"loc":{"start":{"line":13,"column":58},"end":{"line":20,"column":1}},"line":13}},"branchMap":{},"s":{"0":2,"1":2},"f":{"0":2},"b":{},"_coverageSchema":"1a1c01bbd47fc00a2c39e90264f33305004495a9","hash":"043a6fc5001dd35a68670b1ac808127efbb2e7dd"}
,"C:\\Users\\curry_emile\\Downloads\\emile\\blog-managements-ft-user-model\\src\\midlewares\\authUserMiddleware.ts": {"path":"C:\\Users\\curry_emile\\Downloads\\emile\\blog-managements-ft-user-model\\src\\midlewares\\authUserMiddleware.ts","statementMap":{"0":{"start":{"line":8,"column":39},"end":{"line":8,"column":48}},"1":{"start":{"line":11,"column":2},"end":{"line":17,"column":3}},"2":{"start":{"line":12,"column":22},"end":{"line":12,"column":35}},"3":{"start":{"line":13,"column":4},"end":{"line":15,"column":5}},"4":{"start":{"line":14,"column":6},"end":{"line":14,"column":60}},"5":{"start":{"line":16,"column":4},"end":{"line":16,"column":18}},"6":{"start":{"line":18,"column":2},"end":{"line":18,"column":31}},"7":{"start":{"line":34,"column":34},"end":{"line":74,"column":1}},"8":{"start":{"line":35,"column":4},"end":{"line":73,"column":5}},"9":{"start":{"line":36,"column":21},"end":{"line":36,"column":36}},"10":{"start":{"line":38,"column":8},"end":{"line":46,"column":9}},"11":{"start":{"line":39,"column":12},"end":{"line":45,"column":15}},"12":{"start":{"line":48,"column":22},"end":{"line":52,"column":10}},"13":{"start":{"line":54,"column":8},"end":{"line":54,"column":26}},"14":{"start":{"line":55,"column":8},"end":{"line":62,"column":10}},"15":{"start":{"line":64,"column":8},"end":{"line":64,"column":15}},"16":{"start":{"line":66,"column":35},"end":{"line":66,"column":49}},"17":{"start":{"line":67,"column":8},"end":{"line":72,"column":11}},"18":{"start":{"line":76,"column":31},"end":{"line":110,"column":1}},"19":{"start":{"line":77,"column":4},"end":{"line":109,"column":5}},"20":{"start":{"line":78,"column":27},"end":{"line":80,"column":10}},"21":{"start":{"line":82,"column":8},"end":{"line":84,"column":9}},"22":{"start":{"line":83,"column":12},"end":{"line":83,"column":44}},"23":{"start":{"line":86,"column":8},"end":{"line":88,"column":11}},"24":{"start":{"line":90,"column":8},"end":{"line":95,"column":9}},"25":{"start":{"line":91,"column":12},"end":{"line":91,"column":47}},"26":{"start":{"line":92,"column":12},"end":{"line":92,"column":58}},"27":{"start":{"line":93,"column":12},"end":{"line":93,"column":38}},"28":{"start":{"line":94,"column":12},"end":{"line":94,"column":44}},"29":{"start":{"line":97,"column":24},"end":{"line":104,"column":10}},"30":{"start":{"line":106,"column":8},"end":{"line":106,"column":35}},"31":{"start":{"line":108,"column":8},"end":{"line":108,"column":34}},"32":{"start":{"line":112,"column":35},"end":{"line":143,"column":1}},"33":{"start":{"line":113,"column":4},"end":{"line":142,"column":5}},"34":{"start":{"line":114,"column":22},"end":{"line":114,"column":31}},"35":{"start":{"line":115,"column":21},"end":{"line":115,"column":29}},"36":{"start":{"line":117,"column":8},"end":{"line":125,"column":9}},"37":{"start":{"line":118,"column":10},"end":{"line":124,"column":13}},"38":{"start":{"line":127,"column":8},"end":{"line":133,"column":11}},"39":{"start":{"line":135,"column":35},"end":{"line":135,"column":49}},"40":{"start":{"line":136,"column":8},"end":{"line":141,"column":11}}},"fnMap":{"0":{"name":"isAuthenticated","decl":{"start":{"line":10,"column":9},"end":{"line":10,"column":24}},"loc":{"start":{"line":10,"column":98},"end":{"line":19,"column":1}},"line":10},"1":{"name":"(anonymous_1)","decl":{"start":{"line":34,"column":34},"end":{"line":34,"column":35}},"loc":{"start":{"line":34,"column":100},"end":{"line":74,"column":1}},"line":34},"2":{"name":"(anonymous_2)","decl":{"start":{"line":76,"column":31},"end":{"line":76,"column":32}},"loc":{"start":{"line":76,"column":109},"end":{"line":110,"column":1}},"line":76},"3":{"name":"(anonymous_3)","decl":{"start":{"line":112,"column":35},"end":{"line":112,"column":36}},"loc":{"start":{"line":112,"column":95},"end":{"line":143,"column":1}},"line":112}},"branchMap":{"0":{"loc":{"start":{"line":11,"column":2},"end":{"line":17,"column":3}},"type":"if","locations":[{"start":{"line":11,"column":2},"end":{"line":17,"column":3}},{"start":{},"end":{}}],"line":11},"1":{"loc":{"start":{"line":13,"column":4},"end":{"line":15,"column":5}},"type":"if","locations":[{"start":{"line":13,"column":4},"end":{"line":15,"column":5}},{"start":{},"end":{}}],"line":13},"2":{"loc":{"start":{"line":13,"column":8},"end":{"line":13,"column":53}},"type":"binary-expr","locations":[{"start":{"line":13,"column":8},"end":{"line":13,"column":17}},{"start":{"line":13,"column":21},"end":{"line":13,"column":53}}],"line":13},"3":{"loc":{"start":{"line":38,"column":8},"end":{"line":46,"column":9}},"type":"if","locations":[{"start":{"line":38,"column":8},"end":{"line":46,"column":9}},{"start":{},"end":{}}],"line":38},"4":{"loc":{"start":{"line":82,"column":8},"end":{"line":84,"column":9}},"type":"if","locations":[{"start":{"line":82,"column":8},"end":{"line":84,"column":9}},{"start":{},"end":{}}],"line":82},"5":{"loc":{"start":{"line":90,"column":8},"end":{"line":95,"column":9}},"type":"if","locations":[{"start":{"line":90,"column":8},"end":{"line":95,"column":9}},{"start":{},"end":{}}],"line":90},"6":{"loc":{"start":{"line":117,"column":8},"end":{"line":125,"column":9}},"type":"if","locations":[{"start":{"line":117,"column":8},"end":{"line":125,"column":9}},{"start":{},"end":{}}],"line":117},"7":{"loc":{"start":{"line":117,"column":12},"end":{"line":117,"column":27}},"type":"binary-expr","locations":[{"start":{"line":117,"column":12},"end":{"line":117,"column":18}},{"start":{"line":117,"column":22},"end":{"line":117,"column":27}}],"line":117}},"s":{"0":2,"1":2,"2":0,"3":0,"4":0,"5":0,"6":2,"7":2,"8":0,"9":0,"10":0,"11":0,"12":0,"13":0,"14":0,"15":0,"16":0,"17":0,"18":2,"19":0,"20":0,"21":0,"22":0,"23":0,"24":0,"25":0,"26":0,"27":0,"28":0,"29":0,"30":0,"31":0,"32":2,"33":0,"34":0,"35":0,"36":0,"37":0,"38":0,"39":0,"40":0},"f":{"0":2,"1":0,"2":0,"3":0},"b":{"0":[0,2],"1":[0,0],"2":[0,0],"3":[0,0],"4":[0,0],"5":[0,0],"6":[0,0],"7":[0,0]},"_coverageSchema":"1a1c01bbd47fc00a2c39e90264f33305004495a9","hash":"61bc931b17f0eb468871d8b70eba51257cd58b5c"}
,"C:\\Users\\curry_emile\\Downloads\\emile\\blog-managements-ft-user-model\\src\\midlewares\\passportMiddleware.ts": {"path":"C:\\Users\\curry_emile\\Downloads\\emile\\blog-managements-ft-user-model\\src\\midlewares\\passportMiddleware.ts","statementMap":{"0":{"start":{"line":7,"column":0},"end":{"line":7,"column":15}},"1":{"start":{"line":9,"column":12},"end":{"line":9,"column":21}},"2":{"start":{"line":10,"column":13},"end":{"line":10,"column":33}},"3":{"start":{"line":12,"column":0},"end":{"line":37,"column":3}},"4":{"start":{"line":19,"column":4},"end":{"line":35,"column":5}},"5":{"start":{"line":20,"column":20},"end":{"line":20,"column":101}},"6":{"start":{"line":21,"column":6},"end":{"line":21,"column":77}},"7":{"start":{"line":21,"column":18},"end":{"line":21,"column":77}},"8":{"start":{"line":22,"column":17},"end":{"line":22,"column":57}},"9":{"start":{"line":23,"column":6},"end":{"line":31,"column":7}},"10":{"start":{"line":24,"column":8},"end":{"line":30,"column":11}},"11":{"start":{"line":32,"column":6},"end":{"line":32,"column":23}},"12":{"start":{"line":34,"column":6},"end":{"line":34,"column":16}},"13":{"start":{"line":40,"column":0},"end":{"line":42,"column":3}},"14":{"start":{"line":41,"column":2},"end":{"line":41,"column":22}},"15":{"start":{"line":45,"column":0},"end":{"line":52,"column":3}},"16":{"start":{"line":46,"column":2},"end":{"line":51,"column":3}},"17":{"start":{"line":47,"column":17},"end":{"line":47,"column":40}},"18":{"start":{"line":48,"column":4},"end":{"line":48,"column":21}},"19":{"start":{"line":50,"column":4},"end":{"line":50,"column":14}}},"fnMap":{"0":{"name":"(anonymous_0)","decl":{"start":{"line":18,"column":2},"end":{"line":18,"column":3}},"loc":{"start":{"line":18,"column":54},"end":{"line":36,"column":3}},"line":18},"1":{"name":"(anonymous_1)","decl":{"start":{"line":40,"column":23},"end":{"line":40,"column":24}},"loc":{"start":{"line":40,"column":44},"end":{"line":42,"column":1}},"line":40},"2":{"name":"(anonymous_2)","decl":{"start":{"line":45,"column":25},"end":{"line":45,"column":26}},"loc":{"start":{"line":45,"column":53},"end":{"line":52,"column":1}},"line":45}},"branchMap":{"0":{"loc":{"start":{"line":13,"column":14},"end":{"line":13,"column":48}},"type":"binary-expr","locations":[{"start":{"line":13,"column":14},"end":{"line":13,"column":42}},{"start":{"line":13,"column":46},"end":{"line":13,"column":48}}],"line":13},"1":{"loc":{"start":{"line":14,"column":18},"end":{"line":14,"column":56}},"type":"binary-expr","locations":[{"start":{"line":14,"column":18},"end":{"line":14,"column":50}},{"start":{"line":14,"column":54},"end":{"line":14,"column":56}}],"line":14},"2":{"loc":{"start":{"line":15,"column":17},"end":{"line":15,"column":54}},"type":"binary-expr","locations":[{"start":{"line":15,"column":17},"end":{"line":15,"column":48}},{"start":{"line":15,"column":52},"end":{"line":15,"column":54}}],"line":15},"3":{"loc":{"start":{"line":20,"column":20},"end":{"line":20,"column":101}},"type":"cond-expr","locations":[{"start":{"line":20,"column":66},"end":{"line":20,"column":89}},{"start":{"line":20,"column":92},"end":{"line":20,"column":101}}],"line":20},"4":{"loc":{"start":{"line":20,"column":20},"end":{"line":20,"column":63}},"type":"binary-expr","locations":[{"start":{"line":20,"column":20},"end":{"line":20,"column":34}},{"start":{"line":20,"column":38},"end":{"line":20,"column":63}}],"line":20},"5":{"loc":{"start":{"line":21,"column":6},"end":{"line":21,"column":77}},"type":"if","locations":[{"start":{"line":21,"column":6},"end":{"line":21,"column":77}},{"start":{},"end":{}}],"line":21},"6":{"loc":{"start":{"line":23,"column":6},"end":{"line":31,"column":7}},"type":"if","locations":[{"start":{"line":23,"column":6},"end":{"line":31,"column":7}},{"start":{},"end":{}}],"line":23},"7":{"loc":{"start":{"line":27,"column":17},"end":{"line":27,"column":91}},"type":"cond-expr","locations":[{"start":{"line":27,"column":63},"end":{"line":27,"column":86}},{"start":{"line":27,"column":89},"end":{"line":27,"column":91}}],"line":27},"8":{"loc":{"start":{"line":27,"column":17},"end":{"line":27,"column":60}},"type":"binary-expr","locations":[{"start":{"line":27,"column":17},"end":{"line":27,"column":31}},{"start":{"line":27,"column":35},"end":{"line":27,"column":60}}],"line":27}},"s":{"0":2,"1":2,"2":2,"3":2,"4":0,"5":0,"6":0,"7":0,"8":0,"9":0,"10":0,"11":0,"12":0,"13":2,"14":0,"15":2,"16":0,"17":0,"18":0,"19":0},"f":{"0":0,"1":0,"2":0},"b":{"0":[2,0],"1":[2,0],"2":[2,0],"3":[0,0],"4":[0,0],"5":[0,0],"6":[0,0],"7":[0,0],"8":[0,0]},"_coverageSchema":"1a1c01bbd47fc00a2c39e90264f33305004495a9","hash":"0b414489ca5297b130a87d7508377d9d09203986"}
,"C:\\Users\\curry_emile\\Downloads\\emile\\blog-managements-ft-user-model\\src\\routes\\authRouter.ts": {"path":"C:\\Users\\curry_emile\\Downloads\\emile\\blog-managements-ft-user-model\\src\\routes\\authRouter.ts","statementMap":{"0":{"start":{"line":6,"column":20},"end":{"line":6,"column":28}},"1":{"start":{"line":8,"column":0},"end":{"line":10,"column":4}},"2":{"start":{"line":12,"column":0},"end":{"line":51,"column":2}},"3":{"start":{"line":26,"column":4},"end":{"line":49,"column":61}},"4":{"start":{"line":33,"column":8},"end":{"line":36,"column":9}},"5":{"start":{"line":34,"column":10},"end":{"line":34,"column":51}},"6":{"start":{"line":35,"column":10},"end":{"line":35,"column":99}},"7":{"start":{"line":37,"column":8},"end":{"line":39,"column":9}},"8":{"start":{"line":38,"column":10},"end":{"line":38,"column":105}},"9":{"start":{"line":40,"column":8},"end":{"line":47,"column":11}},"10":{"start":{"line":41,"column":10},"end":{"line":44,"column":11}},"11":{"start":{"line":42,"column":12},"end":{"line":42,"column":47}},"12":{"start":{"line":43,"column":12},"end":{"line":43,"column":81}},"13":{"start":{"line":46,"column":10},"end":{"line":46,"column":58}},"14":{"start":{"line":54,"column":0},"end":{"line":69,"column":3}},"15":{"start":{"line":56,"column":33},"end":{"line":56,"column":46}},"16":{"start":{"line":57,"column":4},"end":{"line":59,"column":5}},"17":{"start":{"line":58,"column":6},"end":{"line":58,"column":50}},"18":{"start":{"line":60,"column":4},"end":{"line":60,"column":17}},"19":{"start":{"line":61,"column":4},"end":{"line":68,"column":7}},"20":{"start":{"line":62,"column":6},"end":{"line":64,"column":7}},"21":{"start":{"line":63,"column":8},"end":{"line":63,"column":57}},"22":{"start":{"line":66,"column":6},"end":{"line":66,"column":90}},"23":{"start":{"line":67,"column":6},"end":{"line":67,"column":24}}},"fnMap":{"0":{"name":"(anonymous_0)","decl":{"start":{"line":13,"column":2},"end":{"line":13,"column":3}},"loc":{"start":{"line":13,"column":22},"end":{"line":50,"column":3}},"line":13},"1":{"name":"(anonymous_1)","decl":{"start":{"line":28,"column":6},"end":{"line":28,"column":7}},"loc":{"start":{"line":32,"column":11},"end":{"line":48,"column":7}},"line":32},"2":{"name":"(anonymous_2)","decl":{"start":{"line":40,"column":37},"end":{"line":40,"column":38}},"loc":{"start":{"line":40,"column":60},"end":{"line":47,"column":9}},"line":40},"3":{"name":"(anonymous_3)","decl":{"start":{"line":54,"column":27},"end":{"line":54,"column":28}},"loc":{"start":{"line":54,"column":46},"end":{"line":69,"column":1}},"line":54},"4":{"name":"(anonymous_4)","decl":{"start":{"line":61,"column":24},"end":{"line":61,"column":25}},"loc":{"start":{"line":61,"column":38},"end":{"line":68,"column":5}},"line":61}},"branchMap":{"0":{"loc":{"start":{"line":33,"column":8},"end":{"line":36,"column":9}},"type":"if","locations":[{"start":{"line":33,"column":8},"end":{"line":36,"column":9}},{"start":{},"end":{}}],"line":33},"1":{"loc":{"start":{"line":35,"column":61},"end":{"line":35,"column":95}},"type":"binary-expr","locations":[{"start":{"line":35,"column":61},"end":{"line":35,"column":72}},{"start":{"line":35,"column":76},"end":{"line":35,"column":95}}],"line":35},"2":{"loc":{"start":{"line":37,"column":8},"end":{"line":39,"column":9}},"type":"if","locations":[{"start":{"line":37,"column":8},"end":{"line":39,"column":9}},{"start":{},"end":{}}],"line":37},"3":{"loc":{"start":{"line":38,"column":61},"end":{"line":38,"column":101}},"type":"binary-expr","locations":[{"start":{"line":38,"column":61},"end":{"line":38,"column":74}},{"start":{"line":38,"column":78},"end":{"line":38,"column":101}}],"line":38},"4":{"loc":{"start":{"line":41,"column":10},"end":{"line":44,"column":11}},"type":"if","locations":[{"start":{"line":41,"column":10},"end":{"line":44,"column":11}},{"start":{},"end":{}}],"line":41},"5":{"loc":{"start":{"line":57,"column":4},"end":{"line":59,"column":5}},"type":"if","locations":[{"start":{"line":57,"column":4},"end":{"line":59,"column":5}},{"start":{},"end":{}}],"line":57},"6":{"loc":{"start":{"line":62,"column":6},"end":{"line":64,"column":7}},"type":"if","locations":[{"start":{"line":62,"column":6},"end":{"line":64,"column":7}},{"start":{},"end":{}}],"line":62},"7":{"loc":{"start":{"line":66,"column":43},"end":{"line":66,"column":85}},"type":"cond-expr","locations":[{"start":{"line":66,"column":54},"end":{"line":66,"column":76}},{"start":{"line":66,"column":79},"end":{"line":66,"column":85}}],"line":66}},"s":{"0":2,"1":2,"2":2,"3":0,"4":0,"5":0,"6":0,"7":0,"8":0,"9":0,"10":0,"11":0,"12":0,"13":0,"14":2,"15":0,"16":0,"17":0,"18":0,"19":0,"20":0,"21":0,"22":0,"23":0},"f":{"0":0,"1":0,"2":0,"3":0,"4":0},"b":{"0":[0,0],"1":[0,0],"2":[0,0],"3":[0,0],"4":[0,0],"5":[0,0],"6":[0,0],"7":[0,0]},"_coverageSchema":"1a1c01bbd47fc00a2c39e90264f33305004495a9","hash":"71db606344cae845e2a045f9a56b56fd9e441220"}
,"C:\\Users\\curry_emile\\Downloads\\emile\\blog-managements-ft-user-model\\src\\routes\\basicRouter.ts": {"path":"C:\\Users\\curry_emile\\Downloads\\emile\\blog-managements-ft-user-model\\src\\routes\\basicRouter.ts","statementMap":{"0":{"start":{"line":5,"column":21},"end":{"line":5,"column":29}},"1":{"start":{"line":7,"column":0},"end":{"line":9,"column":3}},"2":{"start":{"line":8,"column":2},"end":{"line":8,"column":47}},"3":{"start":{"line":11,"column":0},"end":{"line":16,"column":3}},"4":{"start":{"line":12,"column":2},"end":{"line":15,"column":4}},"5":{"start":{"line":18,"column":0},"end":{"line":21,"column":3}},"6":{"start":{"line":19,"column":2},"end":{"line":19,"column":27}},"7":{"start":{"line":20,"column":2},"end":{"line":20,"column":48}}},"fnMap":{"0":{"name":"(anonymous_0)","decl":{"start":{"line":7,"column":22},"end":{"line":7,"column":23}},"loc":{"start":{"line":7,"column":55},"end":{"line":9,"column":1}},"line":7},"1":{"name":"(anonymous_1)","decl":{"start":{"line":11,"column":48},"end":{"line":11,"column":49}},"loc":{"start":{"line":11,"column":62},"end":{"line":16,"column":1}},"line":11},"2":{"name":"(anonymous_2)","decl":{"start":{"line":18,"column":17},"end":{"line":18,"column":18}},"loc":{"start":{"line":18,"column":104},"end":{"line":21,"column":1}},"line":18}},"branchMap":{},"s":{"0":2,"1":2,"2":0,"3":2,"4":0,"5":2,"6":0,"7":0},"f":{"0":0,"1":0,"2":0},"b":{},"_coverageSchema":"1a1c01bbd47fc00a2c39e90264f33305004495a9","hash":"d01ab0e51807361697d7d90cd93aae1d03b00d4a"}
,"C:\\Users\\curry_emile\\Downloads\\emile\\blog-managements-ft-user-model\\src\\routes\\blogRouter.ts": {"path":"C:\\Users\\curry_emile\\Downloads\\emile\\blog-managements-ft-user-model\\src\\routes\\blogRouter.ts","statementMap":{"0":{"start":{"line":7,"column":19},"end":{"line":7,"column":27}},"1":{"start":{"line":9,"column":0},"end":{"line":51,"column":3}},"2":{"start":{"line":10,"column":4},"end":{"line":50,"column":5}},"3":{"start":{"line":11,"column":33},"end":{"line":11,"column":65}},"4":{"start":{"line":12,"column":8},"end":{"line":17,"column":9}},"5":{"start":{"line":13,"column":12},"end":{"line":16,"column":15}},"6":{"start":{"line":19,"column":77},"end":{"line":19,"column":82}},"7":{"start":{"line":20,"column":23},"end":{"line":20,"column":44}},"8":{"start":{"line":22,"column":8},"end":{"line":27,"column":9}},"9":{"start":{"line":23,"column":12},"end":{"line":26,"column":15}},"10":{"start":{"line":30,"column":21},"end":{"line":37,"column":10}},"11":{"start":{"line":39,"column":8},"end":{"line":43,"column":11}},"12":{"start":{"line":45,"column":8},"end":{"line":45,"column":53}},"13":{"start":{"line":46,"column":8},"end":{"line":49,"column":11}},"14":{"start":{"line":53,"column":0},"end":{"line":90,"column":3}},"15":{"start":{"line":54,"column":4},"end":{"line":89,"column":5}},"16":{"start":{"line":55,"column":41},"end":{"line":55,"column":50}},"17":{"start":{"line":56,"column":23},"end":{"line":56,"column":57}},"18":{"start":{"line":58,"column":22},"end":{"line":70,"column":10}},"19":{"start":{"line":72,"column":8},"end":{"line":82,"column":11}},"20":{"start":{"line":84,"column":8},"end":{"line":84,"column":56}},"21":{"start":{"line":85,"column":8},"end":{"line":88,"column":11}},"22":{"start":{"line":93,"column":0},"end":{"line":126,"column":3}},"23":{"start":{"line":94,"column":4},"end":{"line":125,"column":5}},"24":{"start":{"line":95,"column":23},"end":{"line":95,"column":33}},"25":{"start":{"line":97,"column":21},"end":{"line":105,"column":10}},"26":{"start":{"line":107,"column":8},"end":{"line":112,"column":9}},"27":{"start":{"line":108,"column":12},"end":{"line":111,"column":15}},"28":{"start":{"line":114,"column":8},"end":{"line":118,"column":11}},"29":{"start":{"line":120,"column":8},"end":{"line":120,"column":55}},"30":{"start":{"line":121,"column":8},"end":{"line":124,"column":11}},"31":{"start":{"line":129,"column":0},"end":{"line":172,"column":3}},"32":{"start":{"line":130,"column":4},"end":{"line":171,"column":5}},"33":{"start":{"line":131,"column":23},"end":{"line":131,"column":33}},"34":{"start":{"line":132,"column":33},"end":{"line":132,"column":68}},"35":{"start":{"line":134,"column":8},"end":{"line":139,"column":9}},"36":{"start":{"line":135,"column":12},"end":{"line":138,"column":15}},"37":{"start":{"line":141,"column":21},"end":{"line":141,"column":44}},"38":{"start":{"line":142,"column":8},"end":{"line":147,"column":9}},"39":{"start":{"line":143,"column":12},"end":{"line":146,"column":15}},"40":{"start":{"line":149,"column":28},"end":{"line":149,"column":45}},"41":{"start":{"line":150,"column":8},"end":{"line":155,"column":9}},"42":{"start":{"line":151,"column":12},"end":{"line":154,"column":15}},"43":{"start":{"line":158,"column":8},"end":{"line":158,"column":33}},"44":{"start":{"line":160,"column":8},"end":{"line":164,"column":11}},"45":{"start":{"line":166,"column":8},"end":{"line":166,"column":53}},"46":{"start":{"line":167,"column":8},"end":{"line":170,"column":11}},"47":{"start":{"line":175,"column":0},"end":{"line":210,"column":3}},"48":{"start":{"line":176,"column":4},"end":{"line":209,"column":5}},"49":{"start":{"line":177,"column":23},"end":{"line":177,"column":33}},"50":{"start":{"line":179,"column":21},"end":{"line":179,"column":44}},"51":{"start":{"line":180,"column":8},"end":{"line":185,"column":9}},"52":{"start":{"line":181,"column":12},"end":{"line":184,"column":15}},"53":{"start":{"line":188,"column":28},"end":{"line":188,"column":45}},"54":{"start":{"line":189,"column":8},"end":{"line":194,"column":9}},"55":{"start":{"line":190,"column":12},"end":{"line":193,"column":15}},"56":{"start":{"line":197,"column":8},"end":{"line":197,"column":29}},"57":{"start":{"line":199,"column":8},"end":{"line":202,"column":11}},"58":{"start":{"line":204,"column":8},"end":{"line":204,"column":53}},"59":{"start":{"line":205,"column":8},"end":{"line":208,"column":11}},"60":{"start":{"line":213,"column":0},"end":{"line":244,"column":3}},"61":{"start":{"line":214,"column":4},"end":{"line":243,"column":5}},"62":{"start":{"line":215,"column":27},"end":{"line":215,"column":37}},"63":{"start":{"line":217,"column":22},"end":{"line":230,"column":10}},"64":{"start":{"line":232,"column":8},"end":{"line":236,"column":11}},"65":{"start":{"line":238,"column":8},"end":{"line":238,"column":61}},"66":{"start":{"line":239,"column":8},"end":{"line":242,"column":11}}},"fnMap":{"0":{"name":"(anonymous_0)","decl":{"start":{"line":9,"column":43},"end":{"line":9,"column":44}},"loc":{"start":{"line":9,"column":102},"end":{"line":51,"column":1}},"line":9},"1":{"name":"(anonymous_1)","decl":{"start":{"line":53,"column":25},"end":{"line":53,"column":26}},"loc":{"start":{"line":53,"column":84},"end":{"line":90,"column":1}},"line":53},"2":{"name":"(anonymous_2)","decl":{"start":{"line":93,"column":29},"end":{"line":93,"column":30}},"loc":{"start":{"line":93,"column":88},"end":{"line":126,"column":1}},"line":93},"3":{"name":"(anonymous_3)","decl":{"start":{"line":129,"column":46},"end":{"line":129,"column":47}},"loc":{"start":{"line":129,"column":105},"end":{"line":172,"column":1}},"line":129},"4":{"name":"(anonymous_4)","decl":{"start":{"line":175,"column":49},"end":{"line":175,"column":50}},"loc":{"start":{"line":175,"column":108},"end":{"line":210,"column":1}},"line":175},"5":{"name":"(anonymous_5)","decl":{"start":{"line":213,"column":38},"end":{"line":213,"column":39}},"loc":{"start":{"line":213,"column":97},"end":{"line":244,"column":1}},"line":213}},"branchMap":{"0":{"loc":{"start":{"line":12,"column":8},"end":{"line":17,"column":9}},"type":"if","locations":[{"start":{"line":12,"column":8},"end":{"line":17,"column":9}},{"start":{},"end":{}}],"line":12},"1":{"loc":{"start":{"line":22,"column":8},"end":{"line":27,"column":9}},"type":"if","locations":[{"start":{"line":22,"column":8},"end":{"line":27,"column":9}},{"start":{},"end":{}}],"line":22},"2":{"loc":{"start":{"line":35,"column":25},"end":{"line":35,"column":45}},"type":"binary-expr","locations":[{"start":{"line":35,"column":25},"end":{"line":35,"column":36}},{"start":{"line":35,"column":40},"end":{"line":35,"column":45}}],"line":35},"3":{"loc":{"start":{"line":55,"column":16},"end":{"line":55,"column":24}},"type":"default-arg","locations":[{"start":{"line":55,"column":23},"end":{"line":55,"column":24}}],"line":55},"4":{"loc":{"start":{"line":55,"column":26},"end":{"line":55,"column":36}},"type":"default-arg","locations":[{"start":{"line":55,"column":34},"end":{"line":55,"column":36}}],"line":55},"5":{"loc":{"start":{"line":107,"column":8},"end":{"line":112,"column":9}},"type":"if","locations":[{"start":{"line":107,"column":8},"end":{"line":112,"column":9}},{"start":{},"end":{}}],"line":107},"6":{"loc":{"start":{"line":134,"column":8},"end":{"line":139,"column":9}},"type":"if","locations":[{"start":{"line":134,"column":8},"end":{"line":139,"column":9}},{"start":{},"end":{}}],"line":134},"7":{"loc":{"start":{"line":142,"column":8},"end":{"line":147,"column":9}},"type":"if","locations":[{"start":{"line":142,"column":8},"end":{"line":147,"column":9}},{"start":{},"end":{}}],"line":142},"8":{"loc":{"start":{"line":150,"column":8},"end":{"line":155,"column":9}},"type":"if","locations":[{"start":{"line":150,"column":8},"end":{"line":155,"column":9}},{"start":{},"end":{}}],"line":150},"9":{"loc":{"start":{"line":180,"column":8},"end":{"line":185,"column":9}},"type":"if","locations":[{"start":{"line":180,"column":8},"end":{"line":185,"column":9}},{"start":{},"end":{}}],"line":180},"10":{"loc":{"start":{"line":189,"column":8},"end":{"line":194,"column":9}},"type":"if","locations":[{"start":{"line":189,"column":8},"end":{"line":194,"column":9}},{"start":{},"end":{}}],"line":189}},"s":{"0":2,"1":2,"2":0,"3":0,"4":0,"5":0,"6":0,"7":0,"8":0,"9":0,"10":0,"11":0,"12":0,"13":0,"14":2,"15":0,"16":0,"17":0,"18":0,"19":0,"20":0,"21":0,"22":2,"23":0,"24":0,"25":0,"26":0,"27":0,"28":0,"29":0,"30":0,"31":2,"32":0,"33":0,"34":0,"35":0,"36":0,"37":0,"38":0,"39":0,"40":0,"41":0,"42":0,"43":0,"44":0,"45":0,"46":0,"47":2,"48":0,"49":0,"50":0,"51":0,"52":0,"53":0,"54":0,"55":0,"56":0,"57":0,"58":0,"59":0,"60":2,"61":0,"62":0,"63":0,"64":0,"65":0,"66":0},"f":{"0":0,"1":0,"2":0,"3":0,"4":0,"5":0},"b":{"0":[0,0],"1":[0,0],"2":[0,0],"3":[0],"4":[0],"5":[0,0],"6":[0,0],"7":[0,0],"8":[0,0],"9":[0,0],"10":[0,0]},"_coverageSchema":"1a1c01bbd47fc00a2c39e90264f33305004495a9","hash":"d05a3e26f09064819593eb00321f6d0b611544ed"}
,"C:\\Users\\curry_emile\\Downloads\\emile\\blog-managements-ft-user-model\\src\\routes\\commentRouter.ts": {"path":"C:\\Users\\curry_emile\\Downloads\\emile\\blog-managements-ft-user-model\\src\\routes\\commentRouter.ts","statementMap":{"0":{"start":{"line":8,"column":22},"end":{"line":8,"column":30}},"1":{"start":{"line":10,"column":0},"end":{"line":58,"column":3}},"2":{"start":{"line":11,"column":4},"end":{"line":57,"column":5}},"3":{"start":{"line":12,"column":33},"end":{"line":12,"column":68}},"4":{"start":{"line":13,"column":8},"end":{"line":18,"column":9}},"5":{"start":{"line":14,"column":12},"end":{"line":17,"column":15}},"6":{"start":{"line":20,"column":36},"end":{"line":20,"column":41}},"7":{"start":{"line":21,"column":23},"end":{"line":21,"column":44}},"8":{"start":{"line":23,"column":8},"end":{"line":28,"column":9}},"9":{"start":{"line":24,"column":12},"end":{"line":27,"column":15}},"10":{"start":{"line":31,"column":21},"end":{"line":31,"column":48}},"11":{"start":{"line":32,"column":8},"end":{"line":37,"column":9}},"12":{"start":{"line":33,"column":12},"end":{"line":36,"column":15}},"13":{"start":{"line":40,"column":24},"end":{"line":44,"column":10}},"14":{"start":{"line":46,"column":8},"end":{"line":50,"column":11}},"15":{"start":{"line":52,"column":8},"end":{"line":52,"column":56}},"16":{"start":{"line":53,"column":8},"end":{"line":56,"column":11}},"17":{"start":{"line":61,"column":0},"end":{"line":89,"column":3}},"18":{"start":{"line":62,"column":4},"end":{"line":88,"column":5}},"19":{"start":{"line":63,"column":27},"end":{"line":63,"column":37}},"20":{"start":{"line":65,"column":25},"end":{"line":75,"column":10}},"21":{"start":{"line":77,"column":8},"end":{"line":81,"column":11}},"22":{"start":{"line":83,"column":8},"end":{"line":83,"column":59}},"23":{"start":{"line":84,"column":8},"end":{"line":87,"column":11}},"24":{"start":{"line":92,"column":0},"end":{"line":125,"column":3}},"25":{"start":{"line":93,"column":4},"end":{"line":124,"column":5}},"26":{"start":{"line":94,"column":23},"end":{"line":94,"column":33}},"27":{"start":{"line":96,"column":24},"end":{"line":104,"column":10}},"28":{"start":{"line":106,"column":8},"end":{"line":111,"column":9}},"29":{"start":{"line":107,"column":12},"end":{"line":110,"column":15}},"30":{"start":{"line":113,"column":8},"end":{"line":117,"column":11}},"31":{"start":{"line":119,"column":8},"end":{"line":119,"column":58}},"32":{"start":{"line":120,"column":8},"end":{"line":123,"column":11}},"33":{"start":{"line":128,"column":0},"end":{"line":172,"column":3}},"34":{"start":{"line":129,"column":4},"end":{"line":171,"column":5}},"35":{"start":{"line":130,"column":23},"end":{"line":130,"column":33}},"36":{"start":{"line":131,"column":28},"end":{"line":131,"column":36}},"37":{"start":{"line":133,"column":8},"end":{"line":138,"column":9}},"38":{"start":{"line":134,"column":12},"end":{"line":137,"column":15}},"39":{"start":{"line":140,"column":24},"end":{"line":140,"column":50}},"40":{"start":{"line":141,"column":8},"end":{"line":146,"column":9}},"41":{"start":{"line":142,"column":12},"end":{"line":145,"column":15}},"42":{"start":{"line":149,"column":28},"end":{"line":149,"column":45}},"43":{"start":{"line":150,"column":8},"end":{"line":155,"column":9}},"44":{"start":{"line":151,"column":12},"end":{"line":154,"column":15}},"45":{"start":{"line":158,"column":8},"end":{"line":158,"column":42}},"46":{"start":{"line":160,"column":8},"end":{"line":164,"column":11}},"47":{"start":{"line":166,"column":8},"end":{"line":166,"column":56}},"48":{"start":{"line":167,"column":8},"end":{"line":170,"column":11}},"49":{"start":{"line":174,"column":0},"end":{"line":209,"column":3}},"50":{"start":{"line":175,"column":4},"end":{"line":208,"column":5}},"51":{"start":{"line":176,"column":23},"end":{"line":176,"column":33}},"52":{"start":{"line":178,"column":24},"end":{"line":178,"column":50}},"53":{"start":{"line":179,"column":8},"end":{"line":184,"column":9}},"54":{"start":{"line":180,"column":12},"end":{"line":183,"column":15}},"55":{"start":{"line":187,"column":28},"end":{"line":187,"column":45}},"56":{"start":{"line":188,"column":8},"end":{"line":193,"column":9}},"57":{"start":{"line":189,"column":12},"end":{"line":192,"column":15}},"58":{"start":{"line":196,"column":8},"end":{"line":196,"column":32}},"59":{"start":{"line":198,"column":8},"end":{"line":201,"column":11}},"60":{"start":{"line":203,"column":8},"end":{"line":203,"column":56}},"61":{"start":{"line":204,"column":8},"end":{"line":207,"column":11}},"62":{"start":{"line":212,"column":0},"end":{"line":245,"column":3}},"63":{"start":{"line":213,"column":4},"end":{"line":244,"column":5}},"64":{"start":{"line":214,"column":27},"end":{"line":214,"column":37}},"65":{"start":{"line":216,"column":25},"end":{"line":231,"column":10}},"66":{"start":{"line":233,"column":8},"end":{"line":237,"column":11}},"67":{"start":{"line":239,"column":8},"end":{"line":239,"column":64}},"68":{"start":{"line":240,"column":8},"end":{"line":243,"column":11}}},"fnMap":{"0":{"name":"(anonymous_0)","decl":{"start":{"line":10,"column":49},"end":{"line":10,"column":50}},"loc":{"start":{"line":10,"column":108},"end":{"line":58,"column":1}},"line":10},"1":{"name":"(anonymous_1)","decl":{"start":{"line":61,"column":44},"end":{"line":61,"column":45}},"loc":{"start":{"line":61,"column":103},"end":{"line":89,"column":1}},"line":61},"2":{"name":"(anonymous_2)","decl":{"start":{"line":92,"column":35},"end":{"line":92,"column":36}},"loc":{"start":{"line":92,"column":94},"end":{"line":125,"column":1}},"line":92},"3":{"name":"(anonymous_3)","decl":{"start":{"line":128,"column":52},"end":{"line":128,"column":53}},"loc":{"start":{"line":128,"column":111},"end":{"line":172,"column":1}},"line":128},"4":{"name":"(anonymous_4)","decl":{"start":{"line":174,"column":55},"end":{"line":174,"column":56}},"loc":{"start":{"line":174,"column":114},"end":{"line":209,"column":1}},"line":174},"5":{"name":"(anonymous_5)","decl":{"start":{"line":212,"column":44},"end":{"line":212,"column":45}},"loc":{"start":{"line":212,"column":103},"end":{"line":245,"column":1}},"line":212}},"branchMap":{"0":{"loc":{"start":{"line":13,"column":8},"end":{"line":18,"column":9}},"type":"if","locations":[{"start":{"line":13,"column":8},"end":{"line":18,"column":9}},{"start":{},"end":{}}],"line":13},"1":{"loc":{"start":{"line":23,"column":8},"end":{"line":28,"column":9}},"type":"if","locations":[{"start":{"line":23,"column":8},"end":{"line":28,"column":9}},{"start":{},"end":{}}],"line":23},"2":{"loc":{"start":{"line":32,"column":8},"end":{"line":37,"column":9}},"type":"if","locations":[{"start":{"line":32,"column":8},"end":{"line":37,"column":9}},{"start":{},"end":{}}],"line":32},"3":{"loc":{"start":{"line":106,"column":8},"end":{"line":111,"column":9}},"type":"if","locations":[{"start":{"line":106,"column":8},"end":{"line":111,"column":9}},{"start":{},"end":{}}],"line":106},"4":{"loc":{"start":{"line":133,"column":8},"end":{"line":138,"column":9}},"type":"if","locations":[{"start":{"line":133,"column":8},"end":{"line":138,"column":9}},{"start":{},"end":{}}],"line":133},"5":{"loc":{"start":{"line":133,"column":12},"end":{"line":133,"column":45}},"type":"binary-expr","locations":[{"start":{"line":133,"column":12},"end":{"line":133,"column":20}},{"start":{"line":133,"column":24},"end":{"line":133,"column":45}}],"line":133},"6":{"loc":{"start":{"line":141,"column":8},"end":{"line":146,"column":9}},"type":"if","locations":[{"start":{"line":141,"column":8},"end":{"line":146,"column":9}},{"start":{},"end":{}}],"line":141},"7":{"loc":{"start":{"line":150,"column":8},"end":{"line":155,"column":9}},"type":"if","locations":[{"start":{"line":150,"column":8},"end":{"line":155,"column":9}},{"start":{},"end":{}}],"line":150},"8":{"loc":{"start":{"line":179,"column":8},"end":{"line":184,"column":9}},"type":"if","locations":[{"start":{"line":179,"column":8},"end":{"line":184,"column":9}},{"start":{},"end":{}}],"line":179},"9":{"loc":{"start":{"line":188,"column":8},"end":{"line":193,"column":9}},"type":"if","locations":[{"start":{"line":188,"column":8},"end":{"line":193,"column":9}},{"start":{},"end":{}}],"line":188}},"s":{"0":2,"1":2,"2":0,"3":0,"4":0,"5":0,"6":0,"7":0,"8":0,"9":0,"10":0,"11":0,"12":0,"13":0,"14":0,"15":0,"16":0,"17":2,"18":0,"19":0,"20":0,"21":0,"22":0,"23":0,"24":2,"25":0,"26":0,"27":0,"28":0,"29":0,"30":0,"31":0,"32":0,"33":2,"34":0,"35":0,"36":0,"37":0,"38":0,"39":0,"40":0,"41":0,"42":0,"43":0,"44":0,"45":0,"46":0,"47":0,"48":0,"49":2,"50":0,"51":0,"52":0,"53":0,"54":0,"55":0,"56":0,"57":0,"58":0,"59":0,"60":0,"61":0,"62":2,"63":0,"64":0,"65":0,"66":0,"67":0,"68":0},"f":{"0":0,"1":0,"2":0,"3":0,"4":0,"5":0},"b":{"0":[0,0],"1":[0,0],"2":[0,0],"3":[0,0],"4":[0,0],"5":[0,0],"6":[0,0],"7":[0,0],"8":[0,0],"9":[0,0]},"_coverageSchema":"1a1c01bbd47fc00a2c39e90264f33305004495a9","hash":"c6d8f9ea83f0461817ee0e954d6a6316fa427ff5"}
,"C:\\Users\\curry_emile\\Downloads\\emile\\blog-managements-ft-user-model\\src\\routes\\likeRouter.ts": {"path":"C:\\Users\\curry_emile\\Downloads\\emile\\blog-managements-ft-user-model\\src\\routes\\likeRouter.ts","statementMap":{"0":{"start":{"line":7,"column":19},"end":{"line":7,"column":27}},"1":{"start":{"line":9,"column":0},"end":{"line":67,"column":3}},"2":{"start":{"line":10,"column":4},"end":{"line":66,"column":5}},"3":{"start":{"line":11,"column":27},"end":{"line":11,"column":35}},"4":{"start":{"line":12,"column":21},"end":{"line":12,"column":42}},"5":{"start":{"line":14,"column":8},"end":{"line":19,"column":9}},"6":{"start":{"line":15,"column":12},"end":{"line":18,"column":15}},"7":{"start":{"line":21,"column":8},"end":{"line":26,"column":9}},"8":{"start":{"line":22,"column":12},"end":{"line":25,"column":15}},"9":{"start":{"line":29,"column":21},"end":{"line":29,"column":48}},"10":{"start":{"line":30,"column":8},"end":{"line":35,"column":9}},"11":{"start":{"line":31,"column":12},"end":{"line":34,"column":15}},"12":{"start":{"line":38,"column":29},"end":{"line":40,"column":10}},"13":{"start":{"line":42,"column":8},"end":{"line":47,"column":9}},"14":{"start":{"line":43,"column":12},"end":{"line":46,"column":15}},"15":{"start":{"line":50,"column":21},"end":{"line":53,"column":10}},"16":{"start":{"line":55,"column":8},"end":{"line":59,"column":11}},"17":{"start":{"line":61,"column":8},"end":{"line":61,"column":53}},"18":{"start":{"line":62,"column":8},"end":{"line":65,"column":11}},"19":{"start":{"line":70,"column":0},"end":{"line":98,"column":3}},"20":{"start":{"line":71,"column":4},"end":{"line":97,"column":5}},"21":{"start":{"line":72,"column":27},"end":{"line":72,"column":37}},"22":{"start":{"line":74,"column":22},"end":{"line":84,"column":10}},"23":{"start":{"line":86,"column":8},"end":{"line":90,"column":11}},"24":{"start":{"line":92,"column":8},"end":{"line":92,"column":56}},"25":{"start":{"line":93,"column":8},"end":{"line":96,"column":11}},"26":{"start":{"line":101,"column":0},"end":{"line":121,"column":3}},"27":{"start":{"line":102,"column":4},"end":{"line":120,"column":5}},"28":{"start":{"line":103,"column":27},"end":{"line":103,"column":37}},"29":{"start":{"line":105,"column":22},"end":{"line":107,"column":10}},"30":{"start":{"line":109,"column":8},"end":{"line":113,"column":11}},"31":{"start":{"line":115,"column":8},"end":{"line":115,"column":61}},"32":{"start":{"line":116,"column":8},"end":{"line":119,"column":11}},"33":{"start":{"line":124,"column":0},"end":{"line":152,"column":3}},"34":{"start":{"line":125,"column":4},"end":{"line":151,"column":5}},"35":{"start":{"line":126,"column":27},"end":{"line":126,"column":37}},"36":{"start":{"line":127,"column":21},"end":{"line":127,"column":42}},"37":{"start":{"line":129,"column":8},"end":{"line":134,"column":9}},"38":{"start":{"line":130,"column":12},"end":{"line":133,"column":15}},"39":{"start":{"line":136,"column":21},"end":{"line":138,"column":10}},"40":{"start":{"line":140,"column":8},"end":{"line":144,"column":11}},"41":{"start":{"line":146,"column":8},"end":{"line":146,"column":60}},"42":{"start":{"line":147,"column":8},"end":{"line":150,"column":11}},"43":{"start":{"line":155,"column":0},"end":{"line":188,"column":3}},"44":{"start":{"line":156,"column":4},"end":{"line":187,"column":5}},"45":{"start":{"line":157,"column":27},"end":{"line":157,"column":37}},"46":{"start":{"line":159,"column":22},"end":{"line":174,"column":10}},"47":{"start":{"line":176,"column":8},"end":{"line":180,"column":11}},"48":{"start":{"line":182,"column":8},"end":{"line":182,"column":61}},"49":{"start":{"line":183,"column":8},"end":{"line":186,"column":11}},"50":{"start":{"line":191,"column":0},"end":{"line":233,"column":3}},"51":{"start":{"line":192,"column":4},"end":{"line":232,"column":5}},"52":{"start":{"line":193,"column":23},"end":{"line":193,"column":33}},"53":{"start":{"line":194,"column":28},"end":{"line":194,"column":49}},"54":{"start":{"line":196,"column":8},"end":{"line":201,"column":9}},"55":{"start":{"line":197,"column":12},"end":{"line":200,"column":15}},"56":{"start":{"line":203,"column":21},"end":{"line":203,"column":44}},"57":{"start":{"line":204,"column":8},"end":{"line":209,"column":9}},"58":{"start":{"line":205,"column":12},"end":{"line":208,"column":15}},"59":{"start":{"line":212,"column":8},"end":{"line":217,"column":9}},"60":{"start":{"line":213,"column":12},"end":{"line":216,"column":15}},"61":{"start":{"line":220,"column":8},"end":{"line":220,"column":29}},"62":{"start":{"line":222,"column":8},"end":{"line":225,"column":11}},"63":{"start":{"line":227,"column":8},"end":{"line":227,"column":53}},"64":{"start":{"line":228,"column":8},"end":{"line":231,"column":11}},"65":{"start":{"line":236,"column":0},"end":{"line":273,"column":3}},"66":{"start":{"line":237,"column":4},"end":{"line":272,"column":5}},"67":{"start":{"line":238,"column":27},"end":{"line":238,"column":37}},"68":{"start":{"line":239,"column":28},"end":{"line":239,"column":49}},"69":{"start":{"line":241,"column":8},"end":{"line":246,"column":9}},"70":{"start":{"line":242,"column":12},"end":{"line":245,"column":15}},"71":{"start":{"line":248,"column":21},"end":{"line":250,"column":10}},"72":{"start":{"line":252,"column":8},"end":{"line":257,"column":9}},"73":{"start":{"line":253,"column":12},"end":{"line":256,"column":15}},"74":{"start":{"line":260,"column":8},"end":{"line":260,"column":29}},"75":{"start":{"line":262,"column":8},"end":{"line":265,"column":11}},"76":{"start":{"line":267,"column":8},"end":{"line":267,"column":53}},"77":{"start":{"line":268,"column":8},"end":{"line":271,"column":11}}},"fnMap":{"0":{"name":"(anonymous_0)","decl":{"start":{"line":9,"column":43},"end":{"line":9,"column":44}},"loc":{"start":{"line":9,"column":102},"end":{"line":67,"column":1}},"line":9},"1":{"name":"(anonymous_1)","decl":{"start":{"line":70,"column":38},"end":{"line":70,"column":39}},"loc":{"start":{"line":70,"column":97},"end":{"line":98,"column":1}},"line":70},"2":{"name":"(anonymous_2)","decl":{"start":{"line":101,"column":39},"end":{"line":101,"column":40}},"loc":{"start":{"line":101,"column":98},"end":{"line":121,"column":1}},"line":101},"3":{"name":"(anonymous_3)","decl":{"start":{"line":124,"column":56},"end":{"line":124,"column":57}},"loc":{"start":{"line":124,"column":115},"end":{"line":152,"column":1}},"line":124},"4":{"name":"(anonymous_4)","decl":{"start":{"line":155,"column":38},"end":{"line":155,"column":39}},"loc":{"start":{"line":155,"column":97},"end":{"line":188,"column":1}},"line":155},"5":{"name":"(anonymous_5)","decl":{"start":{"line":191,"column":49},"end":{"line":191,"column":50}},"loc":{"start":{"line":191,"column":108},"end":{"line":233,"column":1}},"line":191},"6":{"name":"(anonymous_6)","decl":{"start":{"line":236,"column":58},"end":{"line":236,"column":59}},"loc":{"start":{"line":236,"column":117},"end":{"line":273,"column":1}},"line":236}},"branchMap":{"0":{"loc":{"start":{"line":14,"column":8},"end":{"line":19,"column":9}},"type":"if","locations":[{"start":{"line":14,"column":8},"end":{"line":19,"column":9}},{"start":{},"end":{}}],"line":14},"1":{"loc":{"start":{"line":21,"column":8},"end":{"line":26,"column":9}},"type":"if","locations":[{"start":{"line":21,"column":8},"end":{"line":26,"column":9}},{"start":{},"end":{}}],"line":21},"2":{"loc":{"start":{"line":30,"column":8},"end":{"line":35,"column":9}},"type":"if","locations":[{"start":{"line":30,"column":8},"end":{"line":35,"column":9}},{"start":{},"end":{}}],"line":30},"3":{"loc":{"start":{"line":42,"column":8},"end":{"line":47,"column":9}},"type":"if","locations":[{"start":{"line":42,"column":8},"end":{"line":47,"column":9}},{"start":{},"end":{}}],"line":42},"4":{"loc":{"start":{"line":129,"column":8},"end":{"line":134,"column":9}},"type":"if","locations":[{"start":{"line":129,"column":8},"end":{"line":134,"column":9}},{"start":{},"end":{}}],"line":129},"5":{"loc":{"start":{"line":196,"column":8},"end":{"line":201,"column":9}},"type":"if","locations":[{"start":{"line":196,"column":8},"end":{"line":201,"column":9}},{"start":{},"end":{}}],"line":196},"6":{"loc":{"start":{"line":204,"column":8},"end":{"line":209,"column":9}},"type":"if","locations":[{"start":{"line":204,"column":8},"end":{"line":209,"column":9}},{"start":{},"end":{}}],"line":204},"7":{"loc":{"start":{"line":212,"column":8},"end":{"line":217,"column":9}},"type":"if","locations":[{"start":{"line":212,"column":8},"end":{"line":217,"column":9}},{"start":{},"end":{}}],"line":212},"8":{"loc":{"start":{"line":241,"column":8},"end":{"line":246,"column":9}},"type":"if","locations":[{"start":{"line":241,"column":8},"end":{"line":246,"column":9}},{"start":{},"end":{}}],"line":241},"9":{"loc":{"start":{"line":252,"column":8},"end":{"line":257,"column":9}},"type":"if","locations":[{"start":{"line":252,"column":8},"end":{"line":257,"column":9}},{"start":{},"end":{}}],"line":252}},"s":{"0":2,"1":2,"2":0,"3":0,"4":0,"5":0,"6":0,"7":0,"8":0,"9":0,"10":0,"11":0,"12":0,"13":0,"14":0,"15":0,"16":0,"17":0,"18":0,"19":2,"20":0,"21":0,"22":0,"23":0,"24":0,"25":0,"26":2,"27":0,"28":0,"29":0,"30":0,"31":0,"32":0,"33":2,"34":0,"35":0,"36":0,"37":0,"38":0,"39":0,"40":0,"41":0,"42":0,"43":2,"44":0,"45":0,"46":0,"47":0,"48":0,"49":0,"50":2,"51":0,"52":0,"53":0,"54":0,"55":0,"56":0,"57":0,"58":0,"59":0,"60":0,"61":0,"62":0,"63":0,"64":0,"65":2,"66":0,"67":0,"68":0,"69":0,"70":0,"71":0,"72":0,"73":0,"74":0,"75":0,"76":0,"77":0},"f":{"0":0,"1":0,"2":0,"3":0,"4":0,"5":0,"6":0},"b":{"0":[0,0],"1":[0,0],"2":[0,0],"3":[0,0],"4":[0,0],"5":[0,0],"6":[0,0],"7":[0,0],"8":[0,0],"9":[0,0]},"_coverageSchema":"1a1c01bbd47fc00a2c39e90264f33305004495a9","hash":"f87978f0b0edd5df972deebe06bd794841811e75"}
,"C:\\Users\\curry_emile\\Downloads\\emile\\blog-managements-ft-user-model\\src\\routes\\userRouter.ts": {"path":"C:\\Users\\curry_emile\\Downloads\\emile\\blog-managements-ft-user-model\\src\\routes\\userRouter.ts","statementMap":{"0":{"start":{"line":8,"column":19},"end":{"line":8,"column":27}},"1":{"start":{"line":11,"column":0},"end":{"line":58,"column":3}},"2":{"start":{"line":12,"column":4},"end":{"line":57,"column":5}},"3":{"start":{"line":13,"column":33},"end":{"line":13,"column":65}},"4":{"start":{"line":14,"column":8},"end":{"line":19,"column":9}},"5":{"start":{"line":15,"column":12},"end":{"line":18,"column":15}},"6":{"start":{"line":21,"column":50},"end":{"line":21,"column":55}},"7":{"start":{"line":24,"column":29},"end":{"line":24,"column":69}},"8":{"start":{"line":25,"column":8},"end":{"line":30,"column":9}},"9":{"start":{"line":26,"column":12},"end":{"line":29,"column":15}},"10":{"start":{"line":32,"column":31},"end":{"line":32,"column":62}},"11":{"start":{"line":35,"column":21},"end":{"line":41,"column":10}},"12":{"start":{"line":43,"column":29},"end":{"line":43,"column":49}},"13":{"start":{"line":44,"column":8},"end":{"line":44,"column":37}},"14":{"start":{"line":46,"column":8},"end":{"line":50,"column":11}},"15":{"start":{"line":52,"column":8},"end":{"line":52,"column":53}},"16":{"start":{"line":53,"column":8},"end":{"line":56,"column":11}},"17":{"start":{"line":61,"column":0},"end":{"line":110,"column":3}},"18":{"start":{"line":62,"column":4},"end":{"line":109,"column":5}},"19":{"start":{"line":63,"column":33},"end":{"line":63,"column":67}},"20":{"start":{"line":64,"column":8},"end":{"line":69,"column":9}},"21":{"start":{"line":65,"column":12},"end":{"line":68,"column":15}},"22":{"start":{"line":71,"column":36},"end":{"line":71,"column":41}},"23":{"start":{"line":74,"column":21},"end":{"line":74,"column":61}},"24":{"start":{"line":75,"column":8},"end":{"line":80,"column":9}},"25":{"start":{"line":76,"column":12},"end":{"line":79,"column":15}},"26":{"start":{"line":83,"column":32},"end":{"line":83,"column":83}},"27":{"start":{"line":84,"column":8},"end":{"line":89,"column":9}},"28":{"start":{"line":85,"column":12},"end":{"line":88,"column":15}},"29":{"start":{"line":92,"column":22},"end":{"line":96,"column":9}},"30":{"start":{"line":98,"column":8},"end":{"line":102,"column":11}},"31":{"start":{"line":104,"column":8},"end":{"line":104,"column":52}},"32":{"start":{"line":105,"column":8},"end":{"line":108,"column":11}},"33":{"start":{"line":113,"column":0},"end":{"line":131,"column":3}},"34":{"start":{"line":114,"column":4},"end":{"line":130,"column":5}},"35":{"start":{"line":115,"column":22},"end":{"line":117,"column":10}},"36":{"start":{"line":119,"column":8},"end":{"line":123,"column":11}},"37":{"start":{"line":125,"column":8},"end":{"line":125,"column":56}},"38":{"start":{"line":126,"column":8},"end":{"line":129,"column":11}},"39":{"start":{"line":134,"column":0},"end":{"line":161,"column":3}},"40":{"start":{"line":135,"column":4},"end":{"line":160,"column":5}},"41":{"start":{"line":136,"column":23},"end":{"line":136,"column":33}},"42":{"start":{"line":138,"column":21},"end":{"line":140,"column":10}},"43":{"start":{"line":142,"column":8},"end":{"line":147,"column":9}},"44":{"start":{"line":143,"column":12},"end":{"line":146,"column":15}},"45":{"start":{"line":149,"column":8},"end":{"line":153,"column":11}},"46":{"start":{"line":155,"column":8},"end":{"line":155,"column":55}},"47":{"start":{"line":156,"column":8},"end":{"line":159,"column":11}},"48":{"start":{"line":164,"column":0},"end":{"line":200,"column":3}},"49":{"start":{"line":165,"column":4},"end":{"line":199,"column":5}},"50":{"start":{"line":166,"column":23},"end":{"line":166,"column":33}},"51":{"start":{"line":167,"column":27},"end":{"line":167,"column":35}},"52":{"start":{"line":169,"column":8},"end":{"line":169,"column":35}},"53":{"start":{"line":170,"column":8},"end":{"line":170,"column":31}},"54":{"start":{"line":172,"column":21},"end":{"line":172,"column":44}},"55":{"start":{"line":173,"column":8},"end":{"line":178,"column":9}},"56":{"start":{"line":174,"column":12},"end":{"line":177,"column":15}},"57":{"start":{"line":182,"column":8},"end":{"line":182,"column":38}},"58":{"start":{"line":185,"column":29},"end":{"line":185,"column":49}},"59":{"start":{"line":186,"column":8},"end":{"line":186,"column":37}},"60":{"start":{"line":188,"column":8},"end":{"line":192,"column":11}},"61":{"start":{"line":194,"column":8},"end":{"line":194,"column":53}},"62":{"start":{"line":195,"column":8},"end":{"line":198,"column":11}},"63":{"start":{"line":203,"column":0},"end":{"line":229,"column":3}},"64":{"start":{"line":204,"column":4},"end":{"line":228,"column":5}},"65":{"start":{"line":205,"column":23},"end":{"line":205,"column":33}},"66":{"start":{"line":207,"column":21},"end":{"line":207,"column":44}},"67":{"start":{"line":208,"column":8},"end":{"line":213,"column":9}},"68":{"start":{"line":209,"column":12},"end":{"line":212,"column":15}},"69":{"start":{"line":216,"column":8},"end":{"line":216,"column":29}},"70":{"start":{"line":218,"column":8},"end":{"line":221,"column":11}},"71":{"start":{"line":223,"column":8},"end":{"line":223,"column":53}},"72":{"start":{"line":224,"column":8},"end":{"line":227,"column":11}}},"fnMap":{"0":{"name":"(anonymous_0)","decl":{"start":{"line":11,"column":26},"end":{"line":11,"column":27}},"loc":{"start":{"line":11,"column":85},"end":{"line":58,"column":1}},"line":11},"1":{"name":"(anonymous_1)","decl":{"start":{"line":61,"column":26},"end":{"line":61,"column":27}},"loc":{"start":{"line":61,"column":85},"end":{"line":110,"column":1}},"line":61},"2":{"name":"(anonymous_2)","decl":{"start":{"line":113,"column":42},"end":{"line":113,"column":43}},"loc":{"start":{"line":113,"column":101},"end":{"line":131,"column":1}},"line":113},"3":{"name":"(anonymous_3)","decl":{"start":{"line":134,"column":46},"end":{"line":134,"column":47}},"loc":{"start":{"line":134,"column":105},"end":{"line":161,"column":1}},"line":134},"4":{"name":"(anonymous_4)","decl":{"start":{"line":164,"column":46},"end":{"line":164,"column":47}},"loc":{"start":{"line":164,"column":105},"end":{"line":200,"column":1}},"line":164},"5":{"name":"(anonymous_5)","decl":{"start":{"line":203,"column":49},"end":{"line":203,"column":50}},"loc":{"start":{"line":203,"column":108},"end":{"line":229,"column":1}},"line":203}},"branchMap":{"0":{"loc":{"start":{"line":14,"column":8},"end":{"line":19,"column":9}},"type":"if","locations":[{"start":{"line":14,"column":8},"end":{"line":19,"column":9}},{"start":{},"end":{}}],"line":14},"1":{"loc":{"start":{"line":25,"column":8},"end":{"line":30,"column":9}},"type":"if","locations":[{"start":{"line":25,"column":8},"end":{"line":30,"column":9}},{"start":{},"end":{}}],"line":25},"2":{"loc":{"start":{"line":64,"column":8},"end":{"line":69,"column":9}},"type":"if","locations":[{"start":{"line":64,"column":8},"end":{"line":69,"column":9}},{"start":{},"end":{}}],"line":64},"3":{"loc":{"start":{"line":75,"column":8},"end":{"line":80,"column":9}},"type":"if","locations":[{"start":{"line":75,"column":8},"end":{"line":80,"column":9}},{"start":{},"end":{}}],"line":75},"4":{"loc":{"start":{"line":83,"column":63},"end":{"line":83,"column":82}},"type":"binary-expr","locations":[{"start":{"line":83,"column":63},"end":{"line":83,"column":76}},{"start":{"line":83,"column":80},"end":{"line":83,"column":82}}],"line":83},"5":{"loc":{"start":{"line":84,"column":8},"end":{"line":89,"column":9}},"type":"if","locations":[{"start":{"line":84,"column":8},"end":{"line":89,"column":9}},{"start":{},"end":{}}],"line":84},"6":{"loc":{"start":{"line":94,"column":12},"end":{"line":94,"column":55}},"type":"binary-expr","locations":[{"start":{"line":94,"column":12},"end":{"line":94,"column":34}},{"start":{"line":94,"column":38},"end":{"line":94,"column":55}}],"line":94},"7":{"loc":{"start":{"line":142,"column":8},"end":{"line":147,"column":9}},"type":"if","locations":[{"start":{"line":142,"column":8},"end":{"line":147,"column":9}},{"start":{},"end":{}}],"line":142},"8":{"loc":{"start":{"line":173,"column":8},"end":{"line":178,"column":9}},"type":"if","locations":[{"start":{"line":173,"column":8},"end":{"line":178,"column":9}},{"start":{},"end":{}}],"line":173},"9":{"loc":{"start":{"line":208,"column":8},"end":{"line":213,"column":9}},"type":"if","locations":[{"start":{"line":208,"column":8},"end":{"line":213,"column":9}},{"start":{},"end":{}}],"line":208}},"s":{"0":2,"1":2,"2":4,"3":4,"4":4,"5":1,"6":3,"7":3,"8":2,"9":0,"10":2,"11":2,"12":2,"13":2,"14":2,"15":1,"16":1,"17":2,"18":7,"19":7,"20":7,"21":0,"22":7,"23":7,"24":6,"25":2,"26":4,"27":4,"28":4,"29":0,"30":0,"31":1,"32":1,"33":2,"34":0,"35":0,"36":0,"37":0,"38":0,"39":2,"40":0,"41":0,"42":0,"43":0,"44":0,"45":0,"46":0,"47":0,"48":2,"49":0,"50":0,"51":0,"52":0,"53":0,"54":0,"55":0,"56":0,"57":0,"58":0,"59":0,"60":0,"61":0,"62":0,"63":2,"64":0,"65":0,"66":0,"67":0,"68":0,"69":0,"70":0,"71":0,"72":0},"f":{"0":4,"1":7,"2":0,"3":0,"4":0,"5":0},"b":{"0":[1,3],"1":[0,2],"2":[0,7],"3":[2,4],"4":[4,4],"5":[4,0],"6":[0,0],"7":[0,0],"8":[0,0],"9":[0,0]},"_coverageSchema":"1a1c01bbd47fc00a2c39e90264f33305004495a9","hash":"4f0a72ec4852e6f1671fca297d04cba068ee089c"}
,"C:\\Users\\curry_emile\\Downloads\\emile\\blog-managements-ft-user-model\\src\\schemas\\blogShema.ts": {"path":"C:\\Users\\curry_emile\\Downloads\\emile\\blog-managements-ft-user-model\\src\\schemas\\blogShema.ts","statementMap":{"0":{"start":{"line":3,"column":29},"end":{"line":8,"column":2}},"1":{"start":{"line":10,"column":32},"end":{"line":15,"column":2}},"2":{"start":{"line":17,"column":32},"end":{"line":19,"column":2}}},"fnMap":{},"branchMap":{},"s":{"0":2,"1":2,"2":2},"f":{},"b":{},"_coverageSchema":"1a1c01bbd47fc00a2c39e90264f33305004495a9","hash":"46e8b22a5386179f3e7404279ea8f4e17d1366d2"}
,"C:\\Users\\curry_emile\\Downloads\\emile\\blog-managements-ft-user-model\\src\\schemas\\commentSchema.ts": {"path":"C:\\Users\\curry_emile\\Downloads\\emile\\blog-managements-ft-user-model\\src\\schemas\\commentSchema.ts","statementMap":{"0":{"start":{"line":3,"column":32},"end":{"line":5,"column":2}},"1":{"start":{"line":7,"column":35},"end":{"line":9,"column":2}}},"fnMap":{},"branchMap":{},"s":{"0":2,"1":2},"f":{},"b":{},"_coverageSchema":"1a1c01bbd47fc00a2c39e90264f33305004495a9","hash":"5e9d9156d23d74601721ba7c3b66a8f0a330baef"}
,"C:\\Users\\curry_emile\\Downloads\\emile\\blog-managements-ft-user-model\\src\\schemas\\userSchema.ts": {"path":"C:\\Users\\curry_emile\\Downloads\\emile\\blog-managements-ft-user-model\\src\\schemas\\userSchema.ts","statementMap":{"0":{"start":{"line":3,"column":29},"end":{"line":8,"column":2}},"1":{"start":{"line":10,"column":31},"end":{"line":13,"column":2}},"2":{"start":{"line":15,"column":32},"end":{"line":17,"column":2}}},"fnMap":{},"branchMap":{},"s":{"0":2,"1":2,"2":2},"f":{},"b":{},"_coverageSchema":"1a1c01bbd47fc00a2c39e90264f33305004495a9","hash":"e2464227275108644201df10eabea1491ba6dc2d"}
,"C:\\Users\\curry_emile\\Downloads\\emile\\blog-managements-ft-user-model\\src\\utils\\helper.ts": {"path":"C:\\Users\\curry_emile\\Downloads\\emile\\blog-managements-ft-user-model\\src\\utils\\helper.ts","statementMap":{"0":{"start":{"line":8,"column":0},"end":{"line":8,"column":9}},"1":{"start":{"line":10,"column":25},"end":{"line":10,"column":62}},"2":{"start":{"line":12,"column":28},"end":{"line":19,"column":1}},"3":{"start":{"line":13,"column":2},"end":{"line":18,"column":25}},"4":{"start":{"line":21,"column":28},"end":{"line":23,"column":1}},"5":{"start":{"line":22,"column":2},"end":{"line":22,"column":35}},"6":{"start":{"line":25,"column":31},"end":{"line":27,"column":1}},"7":{"start":{"line":26,"column":2},"end":{"line":26,"column":40}},"8":{"start":{"line":29,"column":29},"end":{"line":45,"column":1}},"9":{"start":{"line":30,"column":14},"end":{"line":30,"column":22}},"10":{"start":{"line":31,"column":18},"end":{"line":31,"column":42}},"11":{"start":{"line":32,"column":16},"end":{"line":32,"column":66}},"12":{"start":{"line":34,"column":20},"end":{"line":34,"column":62}},"13":{"start":{"line":36,"column":2},"end":{"line":42,"column":5}},"14":{"start":{"line":44,"column":2},"end":{"line":44,"column":15}},"15":{"start":{"line":47,"column":27},"end":{"line":66,"column":1}},"16":{"start":{"line":48,"column":2},"end":{"line":65,"column":3}},"17":{"start":{"line":49,"column":20},"end":{"line":49,"column":55}},"18":{"start":{"line":51,"column":20},"end":{"line":51,"column":72}},"19":{"start":{"line":53,"column":4},"end":{"line":55,"column":5}},"20":{"start":{"line":54,"column":6},"end":{"line":54,"column":54}},"21":{"start":{"line":57,"column":4},"end":{"line":59,"column":5}},"22":{"start":{"line":58,"column":6},"end":{"line":58,"column":43}},"23":{"start":{"line":61,"column":4},"end":{"line":61,"column":19}},"24":{"start":{"line":63,"column":4},"end":{"line":63,"column":63}},"25":{"start":{"line":64,"column":4},"end":{"line":64,"column":36}},"26":{"start":{"line":68,"column":28},"end":{"line":75,"column":1}},"27":{"start":{"line":69,"column":2},"end":{"line":74,"column":3}},"28":{"start":{"line":70,"column":20},"end":{"line":70,"column":55}},"29":{"start":{"line":71,"column":4},"end":{"line":71,"column":79}},"30":{"start":{"line":73,"column":4},"end":{"line":73,"column":60}}},"fnMap":{"0":{"name":"(anonymous_0)","decl":{"start":{"line":12,"column":28},"end":{"line":12,"column":29}},"loc":{"start":{"line":12,"column":55},"end":{"line":19,"column":1}},"line":12},"1":{"name":"(anonymous_1)","decl":{"start":{"line":21,"column":28},"end":{"line":21,"column":29}},"loc":{"start":{"line":21,"column":73},"end":{"line":23,"column":1}},"line":21},"2":{"name":"(anonymous_2)","decl":{"start":{"line":25,"column":31},"end":{"line":25,"column":32}},"loc":{"start":{"line":25,"column":91},"end":{"line":27,"column":1}},"line":25},"3":{"name":"(anonymous_3)","decl":{"start":{"line":29,"column":29},"end":{"line":29,"column":30}},"loc":{"start":{"line":29,"column":122},"end":{"line":45,"column":1}},"line":29},"4":{"name":"(anonymous_4)","decl":{"start":{"line":47,"column":27},"end":{"line":47,"column":28}},"loc":{"start":{"line":47,"column":66},"end":{"line":66,"column":1}},"line":47},"5":{"name":"(anonymous_5)","decl":{"start":{"line":68,"column":28},"end":{"line":68,"column":29}},"loc":{"start":{"line":68,"column":68},"end":{"line":75,"column":1}},"line":68}},"branchMap":{"0":{"loc":{"start":{"line":10,"column":25},"end":{"line":10,"column":62}},"type":"binary-expr","locations":[{"start":{"line":10,"column":25},"end":{"line":10,"column":47}},{"start":{"line":10,"column":51},"end":{"line":10,"column":62}}],"line":10},"1":{"loc":{"start":{"line":53,"column":4},"end":{"line":55,"column":5}},"type":"if","locations":[{"start":{"line":53,"column":4},"end":{"line":55,"column":5}},{"start":{},"end":{}}],"line":53},"2":{"loc":{"start":{"line":53,"column":8},"end":{"line":53,"column":39}},"type":"binary-expr","locations":[{"start":{"line":53,"column":8},"end":{"line":53,"column":16}},{"start":{"line":53,"column":20},"end":{"line":53,"column":39}}],"line":53},"3":{"loc":{"start":{"line":57,"column":4},"end":{"line":59,"column":5}},"type":"if","locations":[{"start":{"line":57,"column":4},"end":{"line":59,"column":5}},{"start":{},"end":{}}],"line":57}},"s":{"0":2,"1":2,"2":2,"3":0,"4":2,"5":0,"6":2,"7":0,"8":2,"9":0,"10":0,"11":0,"12":0,"13":0,"14":0,"15":2,"16":0,"17":0,"18":0,"19":0,"20":0,"21":0,"22":0,"23":0,"24":0,"25":0,"26":2,"27":0,"28":0,"29":0,"30":0},"f":{"0":0,"1":0,"2":0,"3":0,"4":0,"5":0},"b":{"0":[2,2],"1":[0,0],"2":[0,0],"3":[0,0]},"_coverageSchema":"1a1c01bbd47fc00a2c39e90264f33305004495a9","hash":"1943ce878b59966042ea956a8880b31225e3b6ed"}
,"C:\\Users\\curry_emile\\Downloads\\emile\\blog-managements-ft-user-model\\src\\utils\\response.ts": {"path":"C:\\Users\\curry_emile\\Downloads\\emile\\blog-managements-ft-user-model\\src\\utils\\response.ts","statementMap":{"0":{"start":{"line":11,"column":31},"end":{"line":26,"column":1}},"1":{"start":{"line":18,"column":4},"end":{"line":20,"column":5}},"2":{"start":{"line":19,"column":8},"end":{"line":19,"column":42}},"3":{"start":{"line":21,"column":4},"end":{"line":25,"column":7}}},"fnMap":{"0":{"name":"(anonymous_0)","decl":{"start":{"line":11,"column":31},"end":{"line":11,"column":32}},"loc":{"start":{"line":17,"column":44},"end":{"line":26,"column":1}},"line":17}},"branchMap":{"0":{"loc":{"start":{"line":13,"column":4},"end":{"line":13,"column":16}},"type":"default-arg","locations":[{"start":{"line":13,"column":13},"end":{"line":13,"column":16}}],"line":13},"1":{"loc":{"start":{"line":18,"column":4},"end":{"line":20,"column":5}},"type":"if","locations":[{"start":{"line":18,"column":4},"end":{"line":20,"column":5}},{"start":{},"end":{}}],"line":18},"2":{"loc":{"start":{"line":18,"column":8},"end":{"line":18,"column":34}},"type":"binary-expr","locations":[{"start":{"line":18,"column":8},"end":{"line":18,"column":22}},{"start":{"line":18,"column":26},"end":{"line":18,"column":34}}],"line":18}},"s":{"0":2,"1":0,"2":0,"3":0},"f":{"0":0},"b":{"0":[0],"1":[0,0],"2":[0,0]},"_coverageSchema":"1a1c01bbd47fc00a2c39e90264f33305004495a9","hash":"48d684c39f8039002b9d6c32c28bd1b09a31ab7a"}
}
