TN:
SF:server.ts
FN:48,(anonymous_0)
FN:53,(anonymous_1)
FN:65,(anonymous_2)
FNF:3
FNH:0
FNDA:0,(anonymous_0)
FNDA:0,(anonymous_1)
FNDA:0,(anonymous_2)
DA:15,2
DA:17,2
DA:19,2
DA:21,2
DA:26,2
DA:29,2
DA:36,2
DA:37,2
DA:40,2
DA:41,2
DA:42,2
DA:43,2
DA:44,2
DA:45,2
DA:48,2
DA:49,0
DA:50,0
DA:53,2
DA:54,0
DA:61,2
DA:64,2
DA:65,0
DA:66,0
LF:23
LH:18
BRDA:30,0,0,2
BRDA:30,0,1,0
BRDA:61,1,0,2
BRDA:61,1,1,0
BRDA:64,2,0,0
BRDA:64,2,1,2
BRF:6
BRH:3
end_of_record
TN:
SF:src\database\config\sequelize.ts
FN:5,(anonymous_0)
FNF:1
FNH:1
FNDA:2,(anonymous_0)
DA:3,2
DA:5,2
DA:6,2
DA:7,2
DA:8,0
DA:10,2
DA:13,2
DA:14,2
LF:8
LH:7
BRDA:6,0,0,2
BRDA:6,0,1,0
BRDA:7,1,0,0
BRDA:7,1,1,2
BRDA:15,2,0,2
BRDA:15,2,1,0
BRDA:16,3,0,2
BRDA:16,3,1,0
BRDA:17,4,0,2
BRDA:17,4,1,0
BRDA:19,5,0,2
BRDA:19,5,1,0
BRDA:20,6,0,2
BRDA:20,6,1,0
BRF:14
BRH:7
end_of_record
TN:
SF:src\database\models\Blog.ts
FN:40,(anonymous_0)
FN:57,(anonymous_1)
FN:74,(anonymous_2)
FNF:3
FNH:1
FNDA:0,(anonymous_0)
FNDA:0,(anonymous_1)
FNDA:2,(anonymous_2)
DA:41,0
DA:46,0
DA:51,0
DA:58,0
DA:74,2
DA:75,2
DA:122,2
LF:7
LH:3
BRF:0
BRH:0
end_of_record
TN:
SF:src\database\models\Comments.ts
FN:26,(anonymous_0)
FN:38,(anonymous_1)
FN:51,(anonymous_2)
FNF:3
FNH:1
FNDA:0,(anonymous_0)
FNDA:0,(anonymous_1)
FNDA:2,(anonymous_2)
DA:27,0
DA:32,0
DA:39,0
DA:51,2
DA:52,2
DA:86,2
LF:6
LH:3
BRF:0
BRH:0
end_of_record
TN:
SF:src\database\models\Likes.ts
FN:22,(anonymous_0)
FN:34,(anonymous_1)
FN:45,(anonymous_2)
FNF:3
FNH:1
FNDA:0,(anonymous_0)
FNDA:0,(anonymous_1)
FNDA:2,(anonymous_2)
DA:23,0
DA:28,0
DA:35,0
DA:45,2
DA:46,2
DA:82,2
LF:6
LH:3
BRF:0
BRH:0
end_of_record
TN:
SF:src\database\models\Token.ts
FNF:0
FNH:0
DA:29,2
LF:1
LH:1
BRF:0
BRH:0
end_of_record
TN:
SF:src\database\models\User.ts
FN:41,(anonymous_0)
FN:55,(anonymous_1)
FN:71,(anonymous_2)
FNF:3
FNH:2
FNDA:0,(anonymous_0)
FNDA:2,(anonymous_1)
FNDA:4,(anonymous_2)
DA:34,10
DA:35,10
DA:42,0
DA:46,0
DA:50,0
DA:56,2
DA:71,2
DA:72,4
DA:114,4
LF:9
LH:6
BRF:0
BRH:0
end_of_record
TN:
SF:src\database\models\index.ts
FN:13,(anonymous_0)
FNF:1
FNH:1
FNDA:2,(anonymous_0)
DA:13,2
DA:14,2
LF:2
LH:2
BRF:0
BRH:0
end_of_record
TN:
SF:src\midlewares\authUserMiddleware.ts
FN:10,isAuthenticated
FN:34,(anonymous_1)
FN:76,(anonymous_2)
FN:112,(anonymous_3)
FNF:4
FNH:1
FNDA:2,isAuthenticated
FNDA:0,(anonymous_1)
FNDA:0,(anonymous_2)
FNDA:0,(anonymous_3)
DA:8,2
DA:11,2
DA:12,0
DA:13,0
DA:14,0
DA:16,0
DA:18,2
DA:34,2
DA:35,0
DA:36,0
DA:38,0
DA:39,0
DA:48,0
DA:54,0
DA:55,0
DA:64,0
DA:66,0
DA:67,0
DA:76,2
DA:77,0
DA:78,0
DA:82,0
DA:83,0
DA:86,0
DA:90,0
DA:91,0
DA:92,0
DA:93,0
DA:94,0
DA:97,0
DA:106,0
DA:108,0
DA:112,2
DA:113,0
DA:114,0
DA:115,0
DA:117,0
DA:118,0
DA:127,0
DA:135,0
DA:136,0
LF:41
LH:6
BRDA:11,0,0,0
BRDA:11,0,1,2
BRDA:13,1,0,0
BRDA:13,1,1,0
BRDA:13,2,0,0
BRDA:13,2,1,0
BRDA:38,3,0,0
BRDA:38,3,1,0
BRDA:82,4,0,0
BRDA:82,4,1,0
BRDA:90,5,0,0
BRDA:90,5,1,0
BRDA:117,6,0,0
BRDA:117,6,1,0
BRDA:117,7,0,0
BRDA:117,7,1,0
BRF:16
BRH:1
end_of_record
TN:
SF:src\midlewares\passportMiddleware.ts
FN:18,(anonymous_0)
FN:40,(anonymous_1)
FN:45,(anonymous_2)
FNF:3
FNH:0
FNDA:0,(anonymous_0)
FNDA:0,(anonymous_1)
FNDA:0,(anonymous_2)
DA:7,2
DA:9,2
DA:10,2
DA:12,2
DA:19,0
DA:20,0
DA:21,0
DA:22,0
DA:23,0
DA:24,0
DA:32,0
DA:34,0
DA:40,2
DA:41,0
DA:45,2
DA:46,0
DA:47,0
DA:48,0
DA:50,0
LF:19
LH:6
BRDA:13,0,0,2
BRDA:13,0,1,0
BRDA:14,1,0,2
BRDA:14,1,1,0
BRDA:15,2,0,2
BRDA:15,2,1,0
BRDA:20,3,0,0
BRDA:20,3,1,0
BRDA:20,4,0,0
BRDA:20,4,1,0
BRDA:21,5,0,0
BRDA:21,5,1,0
BRDA:23,6,0,0
BRDA:23,6,1,0
BRDA:27,7,0,0
BRDA:27,7,1,0
BRDA:27,8,0,0
BRDA:27,8,1,0
BRF:18
BRH:3
end_of_record
TN:
SF:src\routes\authRouter.ts
FN:13,(anonymous_0)
FN:28,(anonymous_1)
FN:40,(anonymous_2)
FN:54,(anonymous_3)
FN:61,(anonymous_4)
FNF:5
FNH:0
FNDA:0,(anonymous_0)
FNDA:0,(anonymous_1)
FNDA:0,(anonymous_2)
FNDA:0,(anonymous_3)
FNDA:0,(anonymous_4)
DA:6,2
DA:8,2
DA:12,2
DA:26,0
DA:33,0
DA:34,0
DA:35,0
DA:37,0
DA:38,0
DA:40,0
DA:41,0
DA:42,0
DA:43,0
DA:46,0
DA:54,2
DA:56,0
DA:57,0
DA:58,0
DA:60,0
DA:61,0
DA:62,0
DA:63,0
DA:66,0
DA:67,0
LF:24
LH:4
BRDA:33,0,0,0
BRDA:33,0,1,0
BRDA:35,1,0,0
BRDA:35,1,1,0
BRDA:37,2,0,0
BRDA:37,2,1,0
BRDA:38,3,0,0
BRDA:38,3,1,0
BRDA:41,4,0,0
BRDA:41,4,1,0
BRDA:57,5,0,0
BRDA:57,5,1,0
BRDA:62,6,0,0
BRDA:62,6,1,0
BRDA:66,7,0,0
BRDA:66,7,1,0
BRF:16
BRH:0
end_of_record
TN:
SF:src\routes\basicRouter.ts
FN:7,(anonymous_0)
FN:11,(anonymous_1)
FN:18,(anonymous_2)
FNF:3
FNH:0
FNDA:0,(anonymous_0)
FNDA:0,(anonymous_1)
FNDA:0,(anonymous_2)
DA:5,2
DA:7,2
DA:8,0
DA:11,2
DA:12,0
DA:18,2
DA:19,0
DA:20,0
LF:8
LH:4
BRF:0
BRH:0
end_of_record
TN:
SF:src\routes\blogRouter.ts
FN:9,(anonymous_0)
FN:53,(anonymous_1)
FN:93,(anonymous_2)
FN:129,(anonymous_3)
FN:175,(anonymous_4)
FN:213,(anonymous_5)
FNF:6
FNH:0
FNDA:0,(anonymous_0)
FNDA:0,(anonymous_1)
FNDA:0,(anonymous_2)
FNDA:0,(anonymous_3)
FNDA:0,(anonymous_4)
FNDA:0,(anonymous_5)
DA:7,2
DA:9,2
DA:10,0
DA:11,0
DA:12,0
DA:13,0
DA:19,0
DA:20,0
DA:22,0
DA:23,0
DA:30,0
DA:39,0
DA:45,0
DA:46,0
DA:53,2
DA:54,0
DA:55,0
DA:56,0
DA:58,0
DA:72,0
DA:84,0
DA:85,0
DA:93,2
DA:94,0
DA:95,0
DA:97,0
DA:107,0
DA:108,0
DA:114,0
DA:120,0
DA:121,0
DA:129,2
DA:130,0
DA:131,0
DA:132,0
DA:134,0
DA:135,0
DA:141,0
DA:142,0
DA:143,0
DA:149,0
DA:150,0
DA:151,0
DA:158,0
DA:160,0
DA:166,0
DA:167,0
DA:175,2
DA:176,0
DA:177,0
DA:179,0
DA:180,0
DA:181,0
DA:188,0
DA:189,0
DA:190,0
DA:197,0
DA:199,0
DA:204,0
DA:205,0
DA:213,2
DA:214,0
DA:215,0
DA:217,0
DA:232,0
DA:238,0
DA:239,0
LF:67
LH:7
BRDA:12,0,0,0
BRDA:12,0,1,0
BRDA:22,1,0,0
BRDA:22,1,1,0
BRDA:35,2,0,0
BRDA:35,2,1,0
BRDA:55,3,0,0
BRDA:55,4,0,0
BRDA:107,5,0,0
BRDA:107,5,1,0
BRDA:134,6,0,0
BRDA:134,6,1,0
BRDA:142,7,0,0
BRDA:142,7,1,0
BRDA:150,8,0,0
BRDA:150,8,1,0
BRDA:180,9,0,0
BRDA:180,9,1,0
BRDA:189,10,0,0
BRDA:189,10,1,0
BRF:20
BRH:0
end_of_record
TN:
SF:src\routes\commentRouter.ts
FN:10,(anonymous_0)
FN:61,(anonymous_1)
FN:92,(anonymous_2)
FN:128,(anonymous_3)
FN:174,(anonymous_4)
FN:212,(anonymous_5)
FNF:6
FNH:0
FNDA:0,(anonymous_0)
FNDA:0,(anonymous_1)
FNDA:0,(anonymous_2)
FNDA:0,(anonymous_3)
FNDA:0,(anonymous_4)
FNDA:0,(anonymous_5)
DA:8,2
DA:10,2
DA:11,0
DA:12,0
DA:13,0
DA:14,0
DA:20,0
DA:21,0
DA:23,0
DA:24,0
DA:31,0
DA:32,0
DA:33,0
DA:40,0
DA:46,0
DA:52,0
DA:53,0
DA:61,2
DA:62,0
DA:63,0
DA:65,0
DA:77,0
DA:83,0
DA:84,0
DA:92,2
DA:93,0
DA:94,0
DA:96,0
DA:106,0
DA:107,0
DA:113,0
DA:119,0
DA:120,0
DA:128,2
DA:129,0
DA:130,0
DA:131,0
DA:133,0
DA:134,0
DA:140,0
DA:141,0
DA:142,0
DA:149,0
DA:150,0
DA:151,0
DA:158,0
DA:160,0
DA:166,0
DA:167,0
DA:174,2
DA:175,0
DA:176,0
DA:178,0
DA:179,0
DA:180,0
DA:187,0
DA:188,0
DA:189,0
DA:196,0
DA:198,0
DA:203,0
DA:204,0
DA:212,2
DA:213,0
DA:214,0
DA:216,0
DA:233,0
DA:239,0
DA:240,0
LF:69
LH:7
BRDA:13,0,0,0
BRDA:13,0,1,0
BRDA:23,1,0,0
BRDA:23,1,1,0
BRDA:32,2,0,0
BRDA:32,2,1,0
BRDA:106,3,0,0
BRDA:106,3,1,0
BRDA:133,4,0,0
BRDA:133,4,1,0
BRDA:133,5,0,0
BRDA:133,5,1,0
BRDA:141,6,0,0
BRDA:141,6,1,0
BRDA:150,7,0,0
BRDA:150,7,1,0
BRDA:179,8,0,0
BRDA:179,8,1,0
BRDA:188,9,0,0
BRDA:188,9,1,0
BRF:20
BRH:0
end_of_record
TN:
SF:src\routes\likeRouter.ts
FN:9,(anonymous_0)
FN:70,(anonymous_1)
FN:101,(anonymous_2)
FN:124,(anonymous_3)
FN:155,(anonymous_4)
FN:191,(anonymous_5)
FN:236,(anonymous_6)
FNF:7
FNH:0
FNDA:0,(anonymous_0)
FNDA:0,(anonymous_1)
FNDA:0,(anonymous_2)
FNDA:0,(anonymous_3)
FNDA:0,(anonymous_4)
FNDA:0,(anonymous_5)
FNDA:0,(anonymous_6)
DA:7,2
DA:9,2
DA:10,0
DA:11,0
DA:12,0
DA:14,0
DA:15,0
DA:21,0
DA:22,0
DA:29,0
DA:30,0
DA:31,0
DA:38,0
DA:42,0
DA:43,0
DA:50,0
DA:55,0
DA:61,0
DA:62,0
DA:70,2
DA:71,0
DA:72,0
DA:74,0
DA:86,0
DA:92,0
DA:93,0
DA:101,2
DA:102,0
DA:103,0
DA:105,0
DA:109,0
DA:115,0
DA:116,0
DA:124,2
DA:125,0
DA:126,0
DA:127,0
DA:129,0
DA:130,0
DA:136,0
DA:140,0
DA:146,0
DA:147,0
DA:155,2
DA:156,0
DA:157,0
DA:159,0
DA:176,0
DA:182,0
DA:183,0
DA:191,2
DA:192,0
DA:193,0
DA:194,0
DA:196,0
DA:197,0
DA:203,0
DA:204,0
DA:205,0
DA:212,0
DA:213,0
DA:220,0
DA:222,0
DA:227,0
DA:228,0
DA:236,2
DA:237,0
DA:238,0
DA:239,0
DA:241,0
DA:242,0
DA:248,0
DA:252,0
DA:253,0
DA:260,0
DA:262,0
DA:267,0
DA:268,0
LF:78
LH:8
BRDA:14,0,0,0
BRDA:14,0,1,0
BRDA:21,1,0,0
BRDA:21,1,1,0
BRDA:30,2,0,0
BRDA:30,2,1,0
BRDA:42,3,0,0
BRDA:42,3,1,0
BRDA:129,4,0,0
BRDA:129,4,1,0
BRDA:196,5,0,0
BRDA:196,5,1,0
BRDA:204,6,0,0
BRDA:204,6,1,0
BRDA:212,7,0,0
BRDA:212,7,1,0
BRDA:241,8,0,0
BRDA:241,8,1,0
BRDA:252,9,0,0
BRDA:252,9,1,0
BRF:20
BRH:0
end_of_record
TN:
SF:src\routes\userRouter.ts
FN:11,(anonymous_0)
FN:61,(anonymous_1)
FN:113,(anonymous_2)
FN:134,(anonymous_3)
FN:164,(anonymous_4)
FN:203,(anonymous_5)
FNF:6
FNH:2
FNDA:4,(anonymous_0)
FNDA:7,(anonymous_1)
FNDA:0,(anonymous_2)
FNDA:0,(anonymous_3)
FNDA:0,(anonymous_4)
FNDA:0,(anonymous_5)
DA:8,2
DA:11,2
DA:12,4
DA:13,4
DA:14,4
DA:15,1
DA:21,3
DA:24,3
DA:25,2
DA:26,0
DA:32,2
DA:35,2
DA:43,2
DA:44,2
DA:46,2
DA:52,1
DA:53,1
DA:61,2
DA:62,7
DA:63,7
DA:64,7
DA:65,0
DA:71,7
DA:74,7
DA:75,6
DA:76,2
DA:83,4
DA:84,4
DA:85,4
DA:92,0
DA:98,0
DA:104,1
DA:105,1
DA:113,2
DA:114,0
DA:115,0
DA:119,0
DA:125,0
DA:126,0
DA:134,2
DA:135,0
DA:136,0
DA:138,0
DA:142,0
DA:143,0
DA:149,0
DA:155,0
DA:156,0
DA:164,2
DA:165,0
DA:166,0
DA:167,0
DA:169,0
DA:170,0
DA:172,0
DA:173,0
DA:174,0
DA:182,0
DA:185,0
DA:186,0
DA:188,0
DA:194,0
DA:195,0
DA:203,2
DA:204,0
DA:205,0
DA:207,0
DA:208,0
DA:209,0
DA:216,0
DA:218,0
DA:223,0
DA:224,0
LF:73
LH:33
BRDA:14,0,0,1
BRDA:14,0,1,3
BRDA:25,1,0,0
BRDA:25,1,1,2
BRDA:64,2,0,0
BRDA:64,2,1,7
BRDA:75,3,0,2
BRDA:75,3,1,4
BRDA:83,4,0,4
BRDA:83,4,1,4
BRDA:84,5,0,4
BRDA:84,5,1,0
BRDA:94,6,0,0
BRDA:94,6,1,0
BRDA:142,7,0,0
BRDA:142,7,1,0
BRDA:173,8,0,0
BRDA:173,8,1,0
BRDA:208,9,0,0
BRDA:208,9,1,0
BRF:20
BRH:9
end_of_record
TN:
SF:src\schemas\blogShema.ts
FNF:0
FNH:0
DA:3,2
DA:10,2
DA:17,2
LF:3
LH:3
BRF:0
BRH:0
end_of_record
TN:
SF:src\schemas\commentSchema.ts
FNF:0
FNH:0
DA:3,2
DA:7,2
LF:2
LH:2
BRF:0
BRH:0
end_of_record
TN:
SF:src\schemas\userSchema.ts
FNF:0
FNH:0
DA:3,2
DA:10,2
DA:15,2
LF:3
LH:3
BRF:0
BRH:0
end_of_record
TN:
SF:src\utils\helper.ts
FN:12,(anonymous_0)
FN:21,(anonymous_1)
FN:25,(anonymous_2)
FN:29,(anonymous_3)
FN:47,(anonymous_4)
FN:68,(anonymous_5)
FNF:6
FNH:0
FNDA:0,(anonymous_0)
FNDA:0,(anonymous_1)
FNDA:0,(anonymous_2)
FNDA:0,(anonymous_3)
FNDA:0,(anonymous_4)
FNDA:0,(anonymous_5)
DA:8,2
DA:10,2
DA:12,2
DA:13,0
DA:21,2
DA:22,0
DA:25,2
DA:26,0
DA:29,2
DA:30,0
DA:31,0
DA:32,0
DA:34,0
DA:36,0
DA:44,0
DA:47,2
DA:48,0
DA:49,0
DA:51,0
DA:53,0
DA:54,0
DA:57,0
DA:58,0
DA:61,0
DA:63,0
DA:64,0
DA:68,2
DA:69,0
DA:70,0
DA:71,0
DA:73,0
LF:31
LH:8
BRDA:10,0,0,2
BRDA:10,0,1,2
BRDA:53,1,0,0
BRDA:53,1,1,0
BRDA:53,2,0,0
BRDA:53,2,1,0
BRDA:57,3,0,0
BRDA:57,3,1,0
BRF:8
BRH:2
end_of_record
TN:
SF:src\utils\response.ts
FN:11,(anonymous_0)
FNF:1
FNH:0
FNDA:0,(anonymous_0)
DA:11,2
DA:18,0
DA:19,0
DA:21,0
LF:4
LH:1
BRDA:13,0,0,0
BRDA:18,1,0,0
BRDA:18,1,1,0
BRDA:18,2,0,0
BRDA:18,2,1,0
BRF:5
BRH:0
end_of_record
